

Processing HomeController#index (for 127.0.0.1 at 2008-06-05 21:47:18) [POST]
  Session ID: b59323b81e440f38f01dd0e7ea9d52b0
  Parameters: {"xn_sig_expires"=>"0", "xn_sig_session_key"=>"viXAGae0EqU7tp42AG0rKBuwg1S0ep3btsfSt0GzfYc492FUKl0jP7PHIT6F4ty4-243357028", "xn_sig_user"=>"243357028", "xn_sig_time"=>"1212673621339", "action"=>"index", "controller"=>"home", "xn_sig_api_key"=>"2ab3135dfa0d4c9c8391d23920a2f7ca", "xn_sig_in_iframe"=>"0", "xn_sig_added"=>"1"}


ActionController::InvalidAuthenticityToken (ActionController::InvalidAuthenticityToken):
    /Applications/Locomotive2/Bundles/rmagickRailsMar2007_i386.locobundle/framework/lib/ruby/gems/1.8/gems/actionpack-2.0.2/lib/action_controller/request_forgery_protection.rb:79:in `verify_authenticity_token'
    /Applications/Locomotive2/Bundles/rmagickRailsMar2007_i386.locobundle/framework/lib/ruby/gems/1.8/gems/actionpack-2.0.2/lib/action_controller/filters.rb:469:in `send!'
    /Applications/Locomotive2/Bundles/rmagickRailsMar2007_i386.locobundle/framework/lib/ruby/gems/1.8/gems/actionpack-2.0.2/lib/action_controller/filters.rb:469:in `call'
    /Applications/Locomotive2/Bundles/rmagickRailsMar2007_i386.locobundle/framework/lib/ruby/gems/1.8/gems/actionpack-2.0.2/lib/action_controller/filters.rb:441:in `run'
    /Applications/Locomotive2/Bundles/rmagickRailsMar2007_i386.locobundle/framework/lib/ruby/gems/1.8/gems/actionpack-2.0.2/lib/action_controller/filters.rb:716:in `run_before_filters'
    /Applications/Locomotive2/Bundles/rmagickRailsMar2007_i386.locobundle/framework/lib/ruby/gems/1.8/gems/actionpack-2.0.2/lib/action_controller/filters.rb:695:in `call_filters'
    /Applications/Locomotive2/Bundles/rmagickRailsMar2007_i386.locobundle/framework/lib/ruby/gems/1.8/gems/actionpack-2.0.2/lib/action_controller/filters.rb:689:in `perform_action_without_benchmark'
    /Applications/Locomotive2/Bundles/rmagickRailsMar2007_i386.locobundle/framework/lib/ruby/gems/1.8/gems/actionpack-2.0.2/lib/action_controller/benchmarking.rb:68:in `perform_action_without_rescue'
    /Applications/Locomotive2/Bundles/rmagickRailsMar2007_i386.locobundle/framework/lib/ruby/1.8/benchmark.rb:293:in `measure'
    /Applications/Locomotive2/Bundles/rmagickRailsMar2007_i386.locobundle/framework/lib/ruby/gems/1.8/gems/actionpack-2.0.2/lib/action_controller/benchmarking.rb:68:in `perform_action_without_rescue'
    /Applications/Locomotive2/Bundles/rmagickRailsMar2007_i386.locobundle/framework/lib/ruby/gems/1.8/gems/actionpack-2.0.2/lib/action_controller/rescue.rb:199:in `perform_action_without_caching'
    /Applications/Locomotive2/Bundles/rmagickRailsMar2007_i386.locobundle/framework/lib/ruby/gems/1.8/gems/actionpack-2.0.2/lib/action_controller/caching.rb:678:in `perform_action'
    /Applications/Locomotive2/Bundles/rmagickRailsMar2007_i386.locobundle/framework/lib/ruby/gems/1.8/gems/activerecord-2.0.2/lib/active_record/connection_adapters/abstract/query_cache.rb:33:in `cache'
    /Applications/Locomotive2/Bundles/rmagickRailsMar2007_i386.locobundle/framework/lib/ruby/gems/1.8/gems/activerecord-2.0.2/lib/active_record/query_cache.rb:8:in `cache'
    /Applications/Locomotive2/Bundles/rmagickRailsMar2007_i386.locobundle/framework/lib/ruby/gems/1.8/gems/actionpack-2.0.2/lib/action_controller/caching.rb:677:in `perform_action'
    /Applications/Locomotive2/Bundles/rmagickRailsMar2007_i386.locobundle/framework/lib/ruby/gems/1.8/gems/actionpack-2.0.2/lib/action_controller/base.rb:524:in `send'
    /Applications/Locomotive2/Bundles/rmagickRailsMar2007_i386.locobundle/framework/lib/ruby/gems/1.8/gems/actionpack-2.0.2/lib/action_controller/base.rb:524:in `process_without_filters'
    /Applications/Locomotive2/Bundles/rmagickRailsMar2007_i386.locobundle/framework/lib/ruby/gems/1.8/gems/actionpack-2.0.2/lib/action_controller/filters.rb:685:in `process_without_session_management_support'
    /Applications/Locomotive2/Bundles/rmagickRailsMar2007_i386.locobundle/framework/lib/ruby/gems/1.8/gems/actionpack-2.0.2/lib/action_controller/session_management.rb:123:in `process'
    /Applications/Locomotive2/Bundles/rmagickRailsMar2007_i386.locobundle/framework/lib/ruby/gems/1.8/gems/actionpack-2.0.2/lib/action_controller/base.rb:388:in `process'
    /Applications/Locomotive2/Bundles/rmagickRailsMar2007_i386.locobundle/framework/lib/ruby/gems/1.8/gems/actionpack-2.0.2/lib/action_controller/dispatcher.rb:171:in `handle_request'
    /Applications/Locomotive2/Bundles/rmagickRailsMar2007_i386.locobundle/framework/lib/ruby/gems/1.8/gems/actionpack-2.0.2/lib/action_controller/dispatcher.rb:115:in `dispatch'
    /Applications/Locomotive2/Bundles/rmagickRailsMar2007_i386.locobundle/framework/lib/ruby/gems/1.8/gems/actionpack-2.0.2/lib/action_controller/dispatcher.rb:126:in `dispatch_cgi'
    /Applications/Locomotive2/Bundles/rmagickRailsMar2007_i386.locobundle/framework/lib/ruby/gems/1.8/gems/actionpack-2.0.2/lib/action_controller/dispatcher.rb:9:in `dispatch'
    /Applications/Locomotive2/Bundles/rmagickRailsMar2007_i386.locobundle/framework/lib/ruby/gems/1.8/gems/mongrel-1.1.4/bin/../lib/mongrel/rails.rb:76:in `process'
    /Applications/Locomotive2/Bundles/rmagickRailsMar2007_i386.locobundle/framework/lib/ruby/gems/1.8/gems/mongrel-1.1.4/bin/../lib/mongrel/rails.rb:74:in `synchronize'
    /Applications/Locomotive2/Bundles/rmagickRailsMar2007_i386.locobundle/framework/lib/ruby/gems/1.8/gems/mongrel-1.1.4/bin/../lib/mongrel/rails.rb:74:in `process'
    /Applications/Locomotive2/Bundles/rmagickRailsMar2007_i386.locobundle/framework/lib/ruby/gems/1.8/gems/mongrel-1.1.4/lib/mongrel.rb:159:in `process_client'
    /Applications/Locomotive2/Bundles/rmagickRailsMar2007_i386.locobundle/framework/lib/ruby/gems/1.8/gems/mongrel-1.1.4/lib/mongrel.rb:158:in `each'
    /Applications/Locomotive2/Bundles/rmagickRailsMar2007_i386.locobundle/framework/lib/ruby/gems/1.8/gems/mongrel-1.1.4/lib/mongrel.rb:158:in `process_client'
    /Applications/Locomotive2/Bundles/rmagickRailsMar2007_i386.locobundle/framework/lib/ruby/gems/1.8/gems/mongrel-1.1.4/lib/mongrel.rb:285:in `run'
    /Applications/Locomotive2/Bundles/rmagickRailsMar2007_i386.locobundle/framework/lib/ruby/gems/1.8/gems/mongrel-1.1.4/lib/mongrel.rb:285:in `initialize'
    /Applications/Locomotive2/Bundles/rmagickRailsMar2007_i386.locobundle/framework/lib/ruby/gems/1.8/gems/mongrel-1.1.4/lib/mongrel.rb:285:in `new'
    /Applications/Locomotive2/Bundles/rmagickRailsMar2007_i386.locobundle/framework/lib/ruby/gems/1.8/gems/mongrel-1.1.4/lib/mongrel.rb:285:in `run'
    /Applications/Locomotive2/Bundles/rmagickRailsMar2007_i386.locobundle/framework/lib/ruby/gems/1.8/gems/mongrel-1.1.4/lib/mongrel.rb:268:in `initialize'
    /Applications/Locomotive2/Bundles/rmagickRailsMar2007_i386.locobundle/framework/lib/ruby/gems/1.8/gems/mongrel-1.1.4/lib/mongrel.rb:268:in `new'
    /Applications/Locomotive2/Bundles/rmagickRailsMar2007_i386.locobundle/framework/lib/ruby/gems/1.8/gems/mongrel-1.1.4/lib/mongrel.rb:268:in `run'
    /Applications/Locomotive2/Bundles/rmagickRailsMar2007_i386.locobundle/framework/lib/ruby/gems/1.8/gems/mongrel-1.1.4/lib/mongrel/configurator.rb:282:in `run'
    /Applications/Locomotive2/Bundles/rmagickRailsMar2007_i386.locobundle/framework/lib/ruby/gems/1.8/gems/mongrel-1.1.4/lib/mongrel/configurator.rb:281:in `each'
    /Applications/Locomotive2/Bundles/rmagickRailsMar2007_i386.locobundle/framework/lib/ruby/gems/1.8/gems/mongrel-1.1.4/lib/mongrel/configurator.rb:281:in `run'
    /Applications/Locomotive2/Bundles/rmagickRailsMar2007_i386.locobundle/framework/lib/ruby/gems/1.8/gems/mongrel-1.1.4/bin/mongrel_rails:128:in `run'
    /Applications/Locomotive2/Bundles/rmagickRailsMar2007_i386.locobundle/framework/lib/ruby/gems/1.8/gems/mongrel-1.1.4/lib/mongrel/command.rb:212:in `run'
    /Applications/Locomotive2/Bundles/rmagickRailsMar2007_i386.locobundle/framework/lib/ruby/gems/1.8/gems/mongrel-1.1.4/bin/mongrel_rails:281
    /Applications/Locomotive2/Bundles/rmagickRailsMar2007_i386.locobundle/framework/lib/ruby/gems/1.8/gems/activesupport-2.0.2/lib/active_support/dependencies.rb:489:in `load'
    /Applications/Locomotive2/Bundles/rmagickRailsMar2007_i386.locobundle/framework/lib/ruby/gems/1.8/gems/activesupport-2.0.2/lib/active_support/dependencies.rb:489:in `load'
    /Applications/Locomotive2/Bundles/rmagickRailsMar2007_i386.locobundle/framework/lib/ruby/gems/1.8/gems/activesupport-2.0.2/lib/active_support/dependencies.rb:342:in `new_constants_in'
    /Applications/Locomotive2/Bundles/rmagickRailsMar2007_i386.locobundle/framework/lib/ruby/gems/1.8/gems/activesupport-2.0.2/lib/active_support/dependencies.rb:489:in `load'
    /Applications/Locomotive2/Bundles/rmagickRailsMar2007_i386.locobundle/framework/lib/ruby/gems/1.8/gems/rails-2.0.2/lib/commands/servers/mongrel.rb:64
    /Applications/Locomotive2/Bundles/rmagickRailsMar2007_i386.locobundle/framework/lib/ruby/site_ruby/1.8/rubygems/custom_require.rb:27:in `gem_original_require'
    /Applications/Locomotive2/Bundles/rmagickRailsMar2007_i386.locobundle/framework/lib/ruby/site_ruby/1.8/rubygems/custom_require.rb:27:in `require'
    /Applications/Locomotive2/Bundles/rmagickRailsMar2007_i386.locobundle/framework/lib/ruby/gems/1.8/gems/activesupport-2.0.2/lib/active_support/dependencies.rb:496:in `require'
    /Applications/Locomotive2/Bundles/rmagickRailsMar2007_i386.locobundle/framework/lib/ruby/gems/1.8/gems/activesupport-2.0.2/lib/active_support/dependencies.rb:342:in `new_constants_in'
    /Applications/Locomotive2/Bundles/rmagickRailsMar2007_i386.locobundle/framework/lib/ruby/gems/1.8/gems/activesupport-2.0.2/lib/active_support/dependencies.rb:496:in `require'
    /Applications/Locomotive2/Bundles/rmagickRailsMar2007_i386.locobundle/framework/lib/ruby/gems/1.8/gems/rails-2.0.2/lib/commands/server.rb:39
    /Applications/Locomotive2/Bundles/rmagickRailsMar2007_i386.locobundle/framework/lib/ruby/site_ruby/1.8/rubygems/custom_require.rb:27:in `gem_original_require'
    /Applications/Locomotive2/Bundles/rmagickRailsMar2007_i386.locobundle/framework/lib/ruby/site_ruby/1.8/rubygems/custom_require.rb:27:in `require'
    ./script/server:3

Rendering /Applications/Locomotive2/Bundles/rmagickRailsMar2007_i386.locobundle/framework/lib/ruby/gems/1.8/gems/actionpack-2.0.2/lib/action_controller/templates/rescues/layout.erb (unprocessable_entity)


Processing HomeController#index (for 127.0.0.1 at 2008-06-05 21:47:24) [POST]
  Session ID: f1b9d89f0b0d205195bc359fb1476a52
  Parameters: {"xn_sig_expires"=>"0", "xn_sig_session_key"=>"viXAGae0EqU7tp42AG0rKBuwg1S0ep3btsfSt0GzfYc492FUKl0jP7PHIT6F4ty4-243357028", "xn_sig_user"=>"243357028", "xn_sig_time"=>"1212673643599", "action"=>"index", "controller"=>"home", "xn_sig_api_key"=>"2ab3135dfa0d4c9c8391d23920a2f7ca", "xn_sig_in_iframe"=>"0", "xn_sig_added"=>"1"}


ActionController::InvalidAuthenticityToken (ActionController::InvalidAuthenticityToken):
    /Applications/Locomotive2/Bundles/rmagickRailsMar2007_i386.locobundle/framework/lib/ruby/gems/1.8/gems/actionpack-2.0.2/lib/action_controller/request_forgery_protection.rb:79:in `verify_authenticity_token'
    /Applications/Locomotive2/Bundles/rmagickRailsMar2007_i386.locobundle/framework/lib/ruby/gems/1.8/gems/actionpack-2.0.2/lib/action_controller/filters.rb:469:in `send!'
    /Applications/Locomotive2/Bundles/rmagickRailsMar2007_i386.locobundle/framework/lib/ruby/gems/1.8/gems/actionpack-2.0.2/lib/action_controller/filters.rb:469:in `call'
    /Applications/Locomotive2/Bundles/rmagickRailsMar2007_i386.locobundle/framework/lib/ruby/gems/1.8/gems/actionpack-2.0.2/lib/action_controller/filters.rb:441:in `run'
    /Applications/Locomotive2/Bundles/rmagickRailsMar2007_i386.locobundle/framework/lib/ruby/gems/1.8/gems/actionpack-2.0.2/lib/action_controller/filters.rb:716:in `run_before_filters'
    /Applications/Locomotive2/Bundles/rmagickRailsMar2007_i386.locobundle/framework/lib/ruby/gems/1.8/gems/actionpack-2.0.2/lib/action_controller/filters.rb:695:in `call_filters'
    /Applications/Locomotive2/Bundles/rmagickRailsMar2007_i386.locobundle/framework/lib/ruby/gems/1.8/gems/actionpack-2.0.2/lib/action_controller/filters.rb:689:in `perform_action_without_benchmark'
    /Applications/Locomotive2/Bundles/rmagickRailsMar2007_i386.locobundle/framework/lib/ruby/gems/1.8/gems/actionpack-2.0.2/lib/action_controller/benchmarking.rb:68:in `perform_action_without_rescue'
    /Applications/Locomotive2/Bundles/rmagickRailsMar2007_i386.locobundle/framework/lib/ruby/1.8/benchmark.rb:293:in `measure'
    /Applications/Locomotive2/Bundles/rmagickRailsMar2007_i386.locobundle/framework/lib/ruby/gems/1.8/gems/actionpack-2.0.2/lib/action_controller/benchmarking.rb:68:in `perform_action_without_rescue'
    /Applications/Locomotive2/Bundles/rmagickRailsMar2007_i386.locobundle/framework/lib/ruby/gems/1.8/gems/actionpack-2.0.2/lib/action_controller/rescue.rb:199:in `perform_action_without_caching'
    /Applications/Locomotive2/Bundles/rmagickRailsMar2007_i386.locobundle/framework/lib/ruby/gems/1.8/gems/actionpack-2.0.2/lib/action_controller/caching.rb:678:in `perform_action'
    /Applications/Locomotive2/Bundles/rmagickRailsMar2007_i386.locobundle/framework/lib/ruby/gems/1.8/gems/activerecord-2.0.2/lib/active_record/connection_adapters/abstract/query_cache.rb:33:in `cache'
    /Applications/Locomotive2/Bundles/rmagickRailsMar2007_i386.locobundle/framework/lib/ruby/gems/1.8/gems/activerecord-2.0.2/lib/active_record/query_cache.rb:8:in `cache'
    /Applications/Locomotive2/Bundles/rmagickRailsMar2007_i386.locobundle/framework/lib/ruby/gems/1.8/gems/actionpack-2.0.2/lib/action_controller/caching.rb:677:in `perform_action'
    /Applications/Locomotive2/Bundles/rmagickRailsMar2007_i386.locobundle/framework/lib/ruby/gems/1.8/gems/actionpack-2.0.2/lib/action_controller/base.rb:524:in `send'
    /Applications/Locomotive2/Bundles/rmagickRailsMar2007_i386.locobundle/framework/lib/ruby/gems/1.8/gems/actionpack-2.0.2/lib/action_controller/base.rb:524:in `process_without_filters'
    /Applications/Locomotive2/Bundles/rmagickRailsMar2007_i386.locobundle/framework/lib/ruby/gems/1.8/gems/actionpack-2.0.2/lib/action_controller/filters.rb:685:in `process_without_session_management_support'
    /Applications/Locomotive2/Bundles/rmagickRailsMar2007_i386.locobundle/framework/lib/ruby/gems/1.8/gems/actionpack-2.0.2/lib/action_controller/session_management.rb:123:in `process'
    /Applications/Locomotive2/Bundles/rmagickRailsMar2007_i386.locobundle/framework/lib/ruby/gems/1.8/gems/actionpack-2.0.2/lib/action_controller/base.rb:388:in `process'
    /Applications/Locomotive2/Bundles/rmagickRailsMar2007_i386.locobundle/framework/lib/ruby/gems/1.8/gems/actionpack-2.0.2/lib/action_controller/dispatcher.rb:171:in `handle_request'
    /Applications/Locomotive2/Bundles/rmagickRailsMar2007_i386.locobundle/framework/lib/ruby/gems/1.8/gems/actionpack-2.0.2/lib/action_controller/dispatcher.rb:115:in `dispatch'
    /Applications/Locomotive2/Bundles/rmagickRailsMar2007_i386.locobundle/framework/lib/ruby/gems/1.8/gems/actionpack-2.0.2/lib/action_controller/dispatcher.rb:126:in `dispatch_cgi'
    /Applications/Locomotive2/Bundles/rmagickRailsMar2007_i386.locobundle/framework/lib/ruby/gems/1.8/gems/actionpack-2.0.2/lib/action_controller/dispatcher.rb:9:in `dispatch'
    /Applications/Locomotive2/Bundles/rmagickRailsMar2007_i386.locobundle/framework/lib/ruby/gems/1.8/gems/mongrel-1.1.4/bin/../lib/mongrel/rails.rb:76:in `process'
    /Applications/Locomotive2/Bundles/rmagickRailsMar2007_i386.locobundle/framework/lib/ruby/gems/1.8/gems/mongrel-1.1.4/bin/../lib/mongrel/rails.rb:74:in `synchronize'
    /Applications/Locomotive2/Bundles/rmagickRailsMar2007_i386.locobundle/framework/lib/ruby/gems/1.8/gems/mongrel-1.1.4/bin/../lib/mongrel/rails.rb:74:in `process'
    /Applications/Locomotive2/Bundles/rmagickRailsMar2007_i386.locobundle/framework/lib/ruby/gems/1.8/gems/mongrel-1.1.4/lib/mongrel.rb:159:in `process_client'
    /Applications/Locomotive2/Bundles/rmagickRailsMar2007_i386.locobundle/framework/lib/ruby/gems/1.8/gems/mongrel-1.1.4/lib/mongrel.rb:158:in `each'
    /Applications/Locomotive2/Bundles/rmagickRailsMar2007_i386.locobundle/framework/lib/ruby/gems/1.8/gems/mongrel-1.1.4/lib/mongrel.rb:158:in `process_client'
    /Applications/Locomotive2/Bundles/rmagickRailsMar2007_i386.locobundle/framework/lib/ruby/gems/1.8/gems/mongrel-1.1.4/lib/mongrel.rb:285:in `run'
    /Applications/Locomotive2/Bundles/rmagickRailsMar2007_i386.locobundle/framework/lib/ruby/gems/1.8/gems/mongrel-1.1.4/lib/mongrel.rb:285:in `initialize'
    /Applications/Locomotive2/Bundles/rmagickRailsMar2007_i386.locobundle/framework/lib/ruby/gems/1.8/gems/mongrel-1.1.4/lib/mongrel.rb:285:in `new'
    /Applications/Locomotive2/Bundles/rmagickRailsMar2007_i386.locobundle/framework/lib/ruby/gems/1.8/gems/mongrel-1.1.4/lib/mongrel.rb:285:in `run'
    /Applications/Locomotive2/Bundles/rmagickRailsMar2007_i386.locobundle/framework/lib/ruby/gems/1.8/gems/mongrel-1.1.4/lib/mongrel.rb:268:in `initialize'
    /Applications/Locomotive2/Bundles/rmagickRailsMar2007_i386.locobundle/framework/lib/ruby/gems/1.8/gems/mongrel-1.1.4/lib/mongrel.rb:268:in `new'
    /Applications/Locomotive2/Bundles/rmagickRailsMar2007_i386.locobundle/framework/lib/ruby/gems/1.8/gems/mongrel-1.1.4/lib/mongrel.rb:268:in `run'
    /Applications/Locomotive2/Bundles/rmagickRailsMar2007_i386.locobundle/framework/lib/ruby/gems/1.8/gems/mongrel-1.1.4/lib/mongrel/configurator.rb:282:in `run'
    /Applications/Locomotive2/Bundles/rmagickRailsMar2007_i386.locobundle/framework/lib/ruby/gems/1.8/gems/mongrel-1.1.4/lib/mongrel/configurator.rb:281:in `each'
    /Applications/Locomotive2/Bundles/rmagickRailsMar2007_i386.locobundle/framework/lib/ruby/gems/1.8/gems/mongrel-1.1.4/lib/mongrel/configurator.rb:281:in `run'
    /Applications/Locomotive2/Bundles/rmagickRailsMar2007_i386.locobundle/framework/lib/ruby/gems/1.8/gems/mongrel-1.1.4/bin/mongrel_rails:128:in `run'
    /Applications/Locomotive2/Bundles/rmagickRailsMar2007_i386.locobundle/framework/lib/ruby/gems/1.8/gems/mongrel-1.1.4/lib/mongrel/command.rb:212:in `run'
    /Applications/Locomotive2/Bundles/rmagickRailsMar2007_i386.locobundle/framework/lib/ruby/gems/1.8/gems/mongrel-1.1.4/bin/mongrel_rails:281
    /Applications/Locomotive2/Bundles/rmagickRailsMar2007_i386.locobundle/framework/lib/ruby/gems/1.8/gems/activesupport-2.0.2/lib/active_support/dependencies.rb:489:in `load'
    /Applications/Locomotive2/Bundles/rmagickRailsMar2007_i386.locobundle/framework/lib/ruby/gems/1.8/gems/activesupport-2.0.2/lib/active_support/dependencies.rb:489:in `load'
    /Applications/Locomotive2/Bundles/rmagickRailsMar2007_i386.locobundle/framework/lib/ruby/gems/1.8/gems/activesupport-2.0.2/lib/active_support/dependencies.rb:342:in `new_constants_in'
    /Applications/Locomotive2/Bundles/rmagickRailsMar2007_i386.locobundle/framework/lib/ruby/gems/1.8/gems/activesupport-2.0.2/lib/active_support/dependencies.rb:489:in `load'
    /Applications/Locomotive2/Bundles/rmagickRailsMar2007_i386.locobundle/framework/lib/ruby/gems/1.8/gems/rails-2.0.2/lib/commands/servers/mongrel.rb:64
    /Applications/Locomotive2/Bundles/rmagickRailsMar2007_i386.locobundle/framework/lib/ruby/site_ruby/1.8/rubygems/custom_require.rb:27:in `gem_original_require'
    /Applications/Locomotive2/Bundles/rmagickRailsMar2007_i386.locobundle/framework/lib/ruby/site_ruby/1.8/rubygems/custom_require.rb:27:in `require'
    /Applications/Locomotive2/Bundles/rmagickRailsMar2007_i386.locobundle/framework/lib/ruby/gems/1.8/gems/activesupport-2.0.2/lib/active_support/dependencies.rb:496:in `require'
    /Applications/Locomotive2/Bundles/rmagickRailsMar2007_i386.locobundle/framework/lib/ruby/gems/1.8/gems/activesupport-2.0.2/lib/active_support/dependencies.rb:342:in `new_constants_in'
    /Applications/Locomotive2/Bundles/rmagickRailsMar2007_i386.locobundle/framework/lib/ruby/gems/1.8/gems/activesupport-2.0.2/lib/active_support/dependencies.rb:496:in `require'
    /Applications/Locomotive2/Bundles/rmagickRailsMar2007_i386.locobundle/framework/lib/ruby/gems/1.8/gems/rails-2.0.2/lib/commands/server.rb:39
    /Applications/Locomotive2/Bundles/rmagickRailsMar2007_i386.locobundle/framework/lib/ruby/site_ruby/1.8/rubygems/custom_require.rb:27:in `gem_original_require'
    /Applications/Locomotive2/Bundles/rmagickRailsMar2007_i386.locobundle/framework/lib/ruby/site_ruby/1.8/rubygems/custom_require.rb:27:in `require'
    ./script/server:3

Rendering /Applications/Locomotive2/Bundles/rmagickRailsMar2007_i386.locobundle/framework/lib/ruby/gems/1.8/gems/actionpack-2.0.2/lib/action_controller/templates/rescues/layout.erb (unprocessable_entity)
/!\ FAILSAFE /!\  Thu Jun 05 21:50:42 +0800 2008
  Status: 500 Internal Server Error
  A secret is required to generate an integrity hash for cookie session data. Use config.action_controller.session = { :session_key => "_myapp_session", :secret => "some secret phrase of at least 30 characters" } in config/environment.rb
    /Applications/Locomotive2/Bundles/rmagickRailsMar2007_i386.locobundle/framework/lib/ruby/gems/1.8/gems/actionpack-2.0.2/lib/action_controller/session/cookie_store.rb:91:in `ensure_secret_secure'
    /Applications/Locomotive2/Bundles/rmagickRailsMar2007_i386.locobundle/framework/lib/ruby/gems/1.8/gems/actionpack-2.0.2/lib/action_controller/session/cookie_store.rb:60:in `initialize'
    /Applications/Locomotive2/Bundles/rmagickRailsMar2007_i386.locobundle/framework/lib/ruby/1.8/cgi/session.rb:273:in `new'
    /Applications/Locomotive2/Bundles/rmagickRailsMar2007_i386.locobundle/framework/lib/ruby/1.8/cgi/session.rb:273:in `initialize_without_cgi_reader'
    /Applications/Locomotive2/Bundles/rmagickRailsMar2007_i386.locobundle/framework/lib/ruby/gems/1.8/gems/actionpack-2.0.2/lib/action_controller/cgi_ext/session.rb:39:in `initialize'
    /Applications/Locomotive2/Bundles/rmagickRailsMar2007_i386.locobundle/framework/lib/ruby/gems/1.8/gems/actionpack-2.0.2/lib/action_controller/cgi_process.rb:130:in `new'
    /Applications/Locomotive2/Bundles/rmagickRailsMar2007_i386.locobundle/framework/lib/ruby/gems/1.8/gems/actionpack-2.0.2/lib/action_controller/cgi_process.rb:130:in `session'
    /Applications/Locomotive2/Bundles/rmagickRailsMar2007_i386.locobundle/framework/lib/ruby/gems/1.8/gems/actionpack-2.0.2/lib/action_controller/cgi_process.rb:166:in `stale_session_check!'
    /Applications/Locomotive2/Bundles/rmagickRailsMar2007_i386.locobundle/framework/lib/ruby/gems/1.8/gems/actionpack-2.0.2/lib/action_controller/cgi_process.rb:114:in `session'
    /Applications/Locomotive2/Bundles/rmagickRailsMar2007_i386.locobundle/framework/lib/ruby/gems/1.8/gems/actionpack-2.0.2/lib/action_controller/base.rb:1131:in `assign_shortcuts_without_flash'
    /Applications/Locomotive2/Bundles/rmagickRailsMar2007_i386.locobundle/framework/lib/ruby/gems/1.8/gems/actionpack-2.0.2/lib/action_controller/flash.rb:167:in `assign_shortcuts'
    /Applications/Locomotive2/Bundles/rmagickRailsMar2007_i386.locobundle/framework/lib/ruby/gems/1.8/gems/actionpack-2.0.2/lib/action_controller/base.rb:518:in `process_without_filters'
    /Applications/Locomotive2/Bundles/rmagickRailsMar2007_i386.locobundle/framework/lib/ruby/gems/1.8/gems/actionpack-2.0.2/lib/action_controller/filters.rb:685:in `process_without_session_management_support'
    /Applications/Locomotive2/Bundles/rmagickRailsMar2007_i386.locobundle/framework/lib/ruby/gems/1.8/gems/actionpack-2.0.2/lib/action_controller/session_management.rb:123:in `process'
    /Applications/Locomotive2/Bundles/rmagickRailsMar2007_i386.locobundle/framework/lib/ruby/gems/1.8/gems/actionpack-2.0.2/lib/action_controller/base.rb:388:in `process'
    /Applications/Locomotive2/Bundles/rmagickRailsMar2007_i386.locobundle/framework/lib/ruby/gems/1.8/gems/actionpack-2.0.2/lib/action_controller/dispatcher.rb:171:in `handle_request'
    /Applications/Locomotive2/Bundles/rmagickRailsMar2007_i386.locobundle/framework/lib/ruby/gems/1.8/gems/actionpack-2.0.2/lib/action_controller/dispatcher.rb:115:in `dispatch'
    /Applications/Locomotive2/Bundles/rmagickRailsMar2007_i386.locobundle/framework/lib/ruby/gems/1.8/gems/actionpack-2.0.2/lib/action_controller/dispatcher.rb:126:in `dispatch_cgi'
    /Applications/Locomotive2/Bundles/rmagickRailsMar2007_i386.locobundle/framework/lib/ruby/gems/1.8/gems/actionpack-2.0.2/lib/action_controller/dispatcher.rb:9:in `dispatch'
    /Applications/Locomotive2/Bundles/rmagickRailsMar2007_i386.locobundle/framework/lib/ruby/gems/1.8/gems/mongrel-1.1.4/bin/../lib/mongrel/rails.rb:76:in `process'
    /Applications/Locomotive2/Bundles/rmagickRailsMar2007_i386.locobundle/framework/lib/ruby/gems/1.8/gems/mongrel-1.1.4/bin/../lib/mongrel/rails.rb:74:in `synchronize'
    /Applications/Locomotive2/Bundles/rmagickRailsMar2007_i386.locobundle/framework/lib/ruby/gems/1.8/gems/mongrel-1.1.4/bin/../lib/mongrel/rails.rb:74:in `process'
    /Applications/Locomotive2/Bundles/rmagickRailsMar2007_i386.locobundle/framework/lib/ruby/gems/1.8/gems/mongrel-1.1.4/lib/mongrel.rb:159:in `process_client'
    /Applications/Locomotive2/Bundles/rmagickRailsMar2007_i386.locobundle/framework/lib/ruby/gems/1.8/gems/mongrel-1.1.4/lib/mongrel.rb:158:in `each'
    /Applications/Locomotive2/Bundles/rmagickRailsMar2007_i386.locobundle/framework/lib/ruby/gems/1.8/gems/mongrel-1.1.4/lib/mongrel.rb:158:in `process_client'
    /Applications/Locomotive2/Bundles/rmagickRailsMar2007_i386.locobundle/framework/lib/ruby/gems/1.8/gems/mongrel-1.1.4/lib/mongrel.rb:285:in `run'
    /Applications/Locomotive2/Bundles/rmagickRailsMar2007_i386.locobundle/framework/lib/ruby/gems/1.8/gems/mongrel-1.1.4/lib/mongrel.rb:285:in `initialize'
    /Applications/Locomotive2/Bundles/rmagickRailsMar2007_i386.locobundle/framework/lib/ruby/gems/1.8/gems/mongrel-1.1.4/lib/mongrel.rb:285:in `new'
    /Applications/Locomotive2/Bundles/rmagickRailsMar2007_i386.locobundle/framework/lib/ruby/gems/1.8/gems/mongrel-1.1.4/lib/mongrel.rb:285:in `run'
    /Applications/Locomotive2/Bundles/rmagickRailsMar2007_i386.locobundle/framework/lib/ruby/gems/1.8/gems/mongrel-1.1.4/lib/mongrel.rb:268:in `initialize'
    /Applications/Locomotive2/Bundles/rmagickRailsMar2007_i386.locobundle/framework/lib/ruby/gems/1.8/gems/mongrel-1.1.4/lib/mongrel.rb:268:in `new'
    /Applications/Locomotive2/Bundles/rmagickRailsMar2007_i386.locobundle/framework/lib/ruby/gems/1.8/gems/mongrel-1.1.4/lib/mongrel.rb:268:in `run'
    /Applications/Locomotive2/Bundles/rmagickRailsMar2007_i386.locobundle/framework/lib/ruby/gems/1.8/gems/mongrel-1.1.4/lib/mongrel/configurator.rb:282:in `run'
    /Applications/Locomotive2/Bundles/rmagickRailsMar2007_i386.locobundle/framework/lib/ruby/gems/1.8/gems/mongrel-1.1.4/lib/mongrel/configurator.rb:281:in `each'
    /Applications/Locomotive2/Bundles/rmagickRailsMar2007_i386.locobundle/framework/lib/ruby/gems/1.8/gems/mongrel-1.1.4/lib/mongrel/configurator.rb:281:in `run'
    /Applications/Locomotive2/Bundles/rmagickRailsMar2007_i386.locobundle/framework/lib/ruby/gems/1.8/gems/mongrel-1.1.4/bin/mongrel_rails:128:in `run'
    /Applications/Locomotive2/Bundles/rmagickRailsMar2007_i386.locobundle/framework/lib/ruby/gems/1.8/gems/mongrel-1.1.4/lib/mongrel/command.rb:212:in `run'
    /Applications/Locomotive2/Bundles/rmagickRailsMar2007_i386.locobundle/framework/lib/ruby/gems/1.8/gems/mongrel-1.1.4/bin/mongrel_rails:281
    /Applications/Locomotive2/Bundles/rmagickRailsMar2007_i386.locobundle/framework/lib/ruby/gems/1.8/gems/activesupport-2.0.2/lib/active_support/dependencies.rb:489:in `load'
    /Applications/Locomotive2/Bundles/rmagickRailsMar2007_i386.locobundle/framework/lib/ruby/gems/1.8/gems/activesupport-2.0.2/lib/active_support/dependencies.rb:489:in `load'
    /Applications/Locomotive2/Bundles/rmagickRailsMar2007_i386.locobundle/framework/lib/ruby/gems/1.8/gems/activesupport-2.0.2/lib/active_support/dependencies.rb:342:in `new_constants_in'
    /Applications/Locomotive2/Bundles/rmagickRailsMar2007_i386.locobundle/framework/lib/ruby/gems/1.8/gems/activesupport-2.0.2/lib/active_support/dependencies.rb:489:in `load'
    /Applications/Locomotive2/Bundles/rmagickRailsMar2007_i386.locobundle/framework/lib/ruby/gems/1.8/gems/rails-2.0.2/lib/commands/servers/mongrel.rb:64
    /Applications/Locomotive2/Bundles/rmagickRailsMar2007_i386.locobundle/framework/lib/ruby/site_ruby/1.8/rubygems/custom_require.rb:27:in `gem_original_require'
    /Applications/Locomotive2/Bundles/rmagickRailsMar2007_i386.locobundle/framework/lib/ruby/site_ruby/1.8/rubygems/custom_require.rb:27:in `require'
    /Applications/Locomotive2/Bundles/rmagickRailsMar2007_i386.locobundle/framework/lib/ruby/gems/1.8/gems/activesupport-2.0.2/lib/active_support/dependencies.rb:496:in `require'
    /Applications/Locomotive2/Bundles/rmagickRailsMar2007_i386.locobundle/framework/lib/ruby/gems/1.8/gems/activesupport-2.0.2/lib/active_support/dependencies.rb:342:in `new_constants_in'
    /Applications/Locomotive2/Bundles/rmagickRailsMar2007_i386.locobundle/framework/lib/ruby/gems/1.8/gems/activesupport-2.0.2/lib/active_support/dependencies.rb:496:in `require'
    /Applications/Locomotive2/Bundles/rmagickRailsMar2007_i386.locobundle/framework/lib/ruby/gems/1.8/gems/rails-2.0.2/lib/commands/server.rb:39
    /Applications/Locomotive2/Bundles/rmagickRailsMar2007_i386.locobundle/framework/lib/ruby/site_ruby/1.8/rubygems/custom_require.rb:27:in `gem_original_require'
    /Applications/Locomotive2/Bundles/rmagickRailsMar2007_i386.locobundle/framework/lib/ruby/site_ruby/1.8/rubygems/custom_require.rb:27:in `require'
    ./script/server:3


Processing HomeController#index (for 127.0.0.1 at 2008-06-05 21:51:22) [POST]
  Session ID: 6a7d5c2aaef5acf8fb0c06f9e04300c9
  Parameters: {"xn_sig_expires"=>"0", "xn_sig_session_key"=>"viXAGae0EqU7tp42AG0rKBuwg1S0ep3btsfSt0GzfYc492FUKl0jP7PHIT6F4ty4-243357028", "xn_sig_user"=>"243357028", "xn_sig_time"=>"1212673881690", "action"=>"index", "controller"=>"home", "xn_sig_api_key"=>"2ab3135dfa0d4c9c8391d23920a2f7ca", "xn_sig_in_iframe"=>"0", "xn_sig_added"=>"1"}


ActionController::InvalidAuthenticityToken (ActionController::InvalidAuthenticityToken):
    /Applications/Locomotive2/Bundles/rmagickRailsMar2007_i386.locobundle/framework/lib/ruby/gems/1.8/gems/actionpack-2.0.2/lib/action_controller/request_forgery_protection.rb:79:in `verify_authenticity_token'
    /Applications/Locomotive2/Bundles/rmagickRailsMar2007_i386.locobundle/framework/lib/ruby/gems/1.8/gems/actionpack-2.0.2/lib/action_controller/filters.rb:469:in `send!'
    /Applications/Locomotive2/Bundles/rmagickRailsMar2007_i386.locobundle/framework/lib/ruby/gems/1.8/gems/actionpack-2.0.2/lib/action_controller/filters.rb:469:in `call'
    /Applications/Locomotive2/Bundles/rmagickRailsMar2007_i386.locobundle/framework/lib/ruby/gems/1.8/gems/actionpack-2.0.2/lib/action_controller/filters.rb:441:in `run'
    /Applications/Locomotive2/Bundles/rmagickRailsMar2007_i386.locobundle/framework/lib/ruby/gems/1.8/gems/actionpack-2.0.2/lib/action_controller/filters.rb:716:in `run_before_filters'
    /Applications/Locomotive2/Bundles/rmagickRailsMar2007_i386.locobundle/framework/lib/ruby/gems/1.8/gems/actionpack-2.0.2/lib/action_controller/filters.rb:695:in `call_filters'
    /Applications/Locomotive2/Bundles/rmagickRailsMar2007_i386.locobundle/framework/lib/ruby/gems/1.8/gems/actionpack-2.0.2/lib/action_controller/filters.rb:689:in `perform_action_without_benchmark'
    /Applications/Locomotive2/Bundles/rmagickRailsMar2007_i386.locobundle/framework/lib/ruby/gems/1.8/gems/actionpack-2.0.2/lib/action_controller/benchmarking.rb:68:in `perform_action_without_rescue'
    /Applications/Locomotive2/Bundles/rmagickRailsMar2007_i386.locobundle/framework/lib/ruby/1.8/benchmark.rb:293:in `measure'
    /Applications/Locomotive2/Bundles/rmagickRailsMar2007_i386.locobundle/framework/lib/ruby/gems/1.8/gems/actionpack-2.0.2/lib/action_controller/benchmarking.rb:68:in `perform_action_without_rescue'
    /Applications/Locomotive2/Bundles/rmagickRailsMar2007_i386.locobundle/framework/lib/ruby/gems/1.8/gems/actionpack-2.0.2/lib/action_controller/rescue.rb:199:in `perform_action_without_caching'
    /Applications/Locomotive2/Bundles/rmagickRailsMar2007_i386.locobundle/framework/lib/ruby/gems/1.8/gems/actionpack-2.0.2/lib/action_controller/caching.rb:678:in `perform_action'
    /Applications/Locomotive2/Bundles/rmagickRailsMar2007_i386.locobundle/framework/lib/ruby/gems/1.8/gems/activerecord-2.0.2/lib/active_record/connection_adapters/abstract/query_cache.rb:33:in `cache'
    /Applications/Locomotive2/Bundles/rmagickRailsMar2007_i386.locobundle/framework/lib/ruby/gems/1.8/gems/activerecord-2.0.2/lib/active_record/query_cache.rb:8:in `cache'
    /Applications/Locomotive2/Bundles/rmagickRailsMar2007_i386.locobundle/framework/lib/ruby/gems/1.8/gems/actionpack-2.0.2/lib/action_controller/caching.rb:677:in `perform_action'
    /Applications/Locomotive2/Bundles/rmagickRailsMar2007_i386.locobundle/framework/lib/ruby/gems/1.8/gems/actionpack-2.0.2/lib/action_controller/base.rb:524:in `send'
    /Applications/Locomotive2/Bundles/rmagickRailsMar2007_i386.locobundle/framework/lib/ruby/gems/1.8/gems/actionpack-2.0.2/lib/action_controller/base.rb:524:in `process_without_filters'
    /Applications/Locomotive2/Bundles/rmagickRailsMar2007_i386.locobundle/framework/lib/ruby/gems/1.8/gems/actionpack-2.0.2/lib/action_controller/filters.rb:685:in `process_without_session_management_support'
    /Applications/Locomotive2/Bundles/rmagickRailsMar2007_i386.locobundle/framework/lib/ruby/gems/1.8/gems/actionpack-2.0.2/lib/action_controller/session_management.rb:123:in `process'
    /Applications/Locomotive2/Bundles/rmagickRailsMar2007_i386.locobundle/framework/lib/ruby/gems/1.8/gems/actionpack-2.0.2/lib/action_controller/base.rb:388:in `process'
    /Applications/Locomotive2/Bundles/rmagickRailsMar2007_i386.locobundle/framework/lib/ruby/gems/1.8/gems/actionpack-2.0.2/lib/action_controller/dispatcher.rb:171:in `handle_request'
    /Applications/Locomotive2/Bundles/rmagickRailsMar2007_i386.locobundle/framework/lib/ruby/gems/1.8/gems/actionpack-2.0.2/lib/action_controller/dispatcher.rb:115:in `dispatch'
    /Applications/Locomotive2/Bundles/rmagickRailsMar2007_i386.locobundle/framework/lib/ruby/gems/1.8/gems/actionpack-2.0.2/lib/action_controller/dispatcher.rb:126:in `dispatch_cgi'
    /Applications/Locomotive2/Bundles/rmagickRailsMar2007_i386.locobundle/framework/lib/ruby/gems/1.8/gems/actionpack-2.0.2/lib/action_controller/dispatcher.rb:9:in `dispatch'
    /Applications/Locomotive2/Bundles/rmagickRailsMar2007_i386.locobundle/framework/lib/ruby/gems/1.8/gems/mongrel-1.1.4/bin/../lib/mongrel/rails.rb:76:in `process'
    /Applications/Locomotive2/Bundles/rmagickRailsMar2007_i386.locobundle/framework/lib/ruby/gems/1.8/gems/mongrel-1.1.4/bin/../lib/mongrel/rails.rb:74:in `synchronize'
    /Applications/Locomotive2/Bundles/rmagickRailsMar2007_i386.locobundle/framework/lib/ruby/gems/1.8/gems/mongrel-1.1.4/bin/../lib/mongrel/rails.rb:74:in `process'
    /Applications/Locomotive2/Bundles/rmagickRailsMar2007_i386.locobundle/framework/lib/ruby/gems/1.8/gems/mongrel-1.1.4/lib/mongrel.rb:159:in `process_client'
    /Applications/Locomotive2/Bundles/rmagickRailsMar2007_i386.locobundle/framework/lib/ruby/gems/1.8/gems/mongrel-1.1.4/lib/mongrel.rb:158:in `each'
    /Applications/Locomotive2/Bundles/rmagickRailsMar2007_i386.locobundle/framework/lib/ruby/gems/1.8/gems/mongrel-1.1.4/lib/mongrel.rb:158:in `process_client'
    /Applications/Locomotive2/Bundles/rmagickRailsMar2007_i386.locobundle/framework/lib/ruby/gems/1.8/gems/mongrel-1.1.4/lib/mongrel.rb:285:in `run'
    /Applications/Locomotive2/Bundles/rmagickRailsMar2007_i386.locobundle/framework/lib/ruby/gems/1.8/gems/mongrel-1.1.4/lib/mongrel.rb:285:in `initialize'
    /Applications/Locomotive2/Bundles/rmagickRailsMar2007_i386.locobundle/framework/lib/ruby/gems/1.8/gems/mongrel-1.1.4/lib/mongrel.rb:285:in `new'
    /Applications/Locomotive2/Bundles/rmagickRailsMar2007_i386.locobundle/framework/lib/ruby/gems/1.8/gems/mongrel-1.1.4/lib/mongrel.rb:285:in `run'
    /Applications/Locomotive2/Bundles/rmagickRailsMar2007_i386.locobundle/framework/lib/ruby/gems/1.8/gems/mongrel-1.1.4/lib/mongrel.rb:268:in `initialize'
    /Applications/Locomotive2/Bundles/rmagickRailsMar2007_i386.locobundle/framework/lib/ruby/gems/1.8/gems/mongrel-1.1.4/lib/mongrel.rb:268:in `new'
    /Applications/Locomotive2/Bundles/rmagickRailsMar2007_i386.locobundle/framework/lib/ruby/gems/1.8/gems/mongrel-1.1.4/lib/mongrel.rb:268:in `run'
    /Applications/Locomotive2/Bundles/rmagickRailsMar2007_i386.locobundle/framework/lib/ruby/gems/1.8/gems/mongrel-1.1.4/lib/mongrel/configurator.rb:282:in `run'
    /Applications/Locomotive2/Bundles/rmagickRailsMar2007_i386.locobundle/framework/lib/ruby/gems/1.8/gems/mongrel-1.1.4/lib/mongrel/configurator.rb:281:in `each'
    /Applications/Locomotive2/Bundles/rmagickRailsMar2007_i386.locobundle/framework/lib/ruby/gems/1.8/gems/mongrel-1.1.4/lib/mongrel/configurator.rb:281:in `run'
    /Applications/Locomotive2/Bundles/rmagickRailsMar2007_i386.locobundle/framework/lib/ruby/gems/1.8/gems/mongrel-1.1.4/bin/mongrel_rails:128:in `run'
    /Applications/Locomotive2/Bundles/rmagickRailsMar2007_i386.locobundle/framework/lib/ruby/gems/1.8/gems/mongrel-1.1.4/lib/mongrel/command.rb:212:in `run'
    /Applications/Locomotive2/Bundles/rmagickRailsMar2007_i386.locobundle/framework/lib/ruby/gems/1.8/gems/mongrel-1.1.4/bin/mongrel_rails:281
    /Applications/Locomotive2/Bundles/rmagickRailsMar2007_i386.locobundle/framework/lib/ruby/gems/1.8/gems/activesupport-2.0.2/lib/active_support/dependencies.rb:489:in `load'
    /Applications/Locomotive2/Bundles/rmagickRailsMar2007_i386.locobundle/framework/lib/ruby/gems/1.8/gems/activesupport-2.0.2/lib/active_support/dependencies.rb:489:in `load'
    /Applications/Locomotive2/Bundles/rmagickRailsMar2007_i386.locobundle/framework/lib/ruby/gems/1.8/gems/activesupport-2.0.2/lib/active_support/dependencies.rb:342:in `new_constants_in'
    /Applications/Locomotive2/Bundles/rmagickRailsMar2007_i386.locobundle/framework/lib/ruby/gems/1.8/gems/activesupport-2.0.2/lib/active_support/dependencies.rb:489:in `load'
    /Applications/Locomotive2/Bundles/rmagickRailsMar2007_i386.locobundle/framework/lib/ruby/gems/1.8/gems/rails-2.0.2/lib/commands/servers/mongrel.rb:64
    /Applications/Locomotive2/Bundles/rmagickRailsMar2007_i386.locobundle/framework/lib/ruby/site_ruby/1.8/rubygems/custom_require.rb:27:in `gem_original_require'
    /Applications/Locomotive2/Bundles/rmagickRailsMar2007_i386.locobundle/framework/lib/ruby/site_ruby/1.8/rubygems/custom_require.rb:27:in `require'
    /Applications/Locomotive2/Bundles/rmagickRailsMar2007_i386.locobundle/framework/lib/ruby/gems/1.8/gems/activesupport-2.0.2/lib/active_support/dependencies.rb:496:in `require'
    /Applications/Locomotive2/Bundles/rmagickRailsMar2007_i386.locobundle/framework/lib/ruby/gems/1.8/gems/activesupport-2.0.2/lib/active_support/dependencies.rb:342:in `new_constants_in'
    /Applications/Locomotive2/Bundles/rmagickRailsMar2007_i386.locobundle/framework/lib/ruby/gems/1.8/gems/activesupport-2.0.2/lib/active_support/dependencies.rb:496:in `require'
    /Applications/Locomotive2/Bundles/rmagickRailsMar2007_i386.locobundle/framework/lib/ruby/gems/1.8/gems/rails-2.0.2/lib/commands/server.rb:39
    /Applications/Locomotive2/Bundles/rmagickRailsMar2007_i386.locobundle/framework/lib/ruby/site_ruby/1.8/rubygems/custom_require.rb:27:in `gem_original_require'
    /Applications/Locomotive2/Bundles/rmagickRailsMar2007_i386.locobundle/framework/lib/ruby/site_ruby/1.8/rubygems/custom_require.rb:27:in `require'
    ./script/server:3

Rendering /Applications/Locomotive2/Bundles/rmagickRailsMar2007_i386.locobundle/framework/lib/ruby/gems/1.8/gems/actionpack-2.0.2/lib/action_controller/templates/rescues/layout.erb (unprocessable_entity)
  [4;36;1mSQL (0.000386)[0m   [0;1mselect sqlite_version(*)[0m
  [4;35;1mSQL (0.002964)[0m   [0mCREATE TABLE schema_info (version integer)[0m
  [4;36;1mSQL (0.002423)[0m   [0;1mINSERT INTO schema_info (version) VALUES(0)[0m
  [4;35;1mSQL (0.000000)[0m   [0mSQLite3::SQLException: table schema_info already exists: CREATE TABLE schema_info (version integer)[0m
  [4;36;1mSQL (0.000408)[0m   [0;1mSELECT version FROM schema_info[0m
Migrating to CreateSessions (1)
  [4;35;1mSQL (0.002857)[0m   [0mCREATE TABLE sessions ("id" INTEGER PRIMARY KEY AUTOINCREMENT NOT NULL, "session_id" varchar(255) NOT NULL, "data" text DEFAULT NULL, "created_at" datetime DEFAULT NULL, "updated_at" datetime DEFAULT NULL) [0m
  [4;36;1mSQL (0.002805)[0m   [0;1mCREATE INDEX "index_sessions_on_session_id" ON sessions ("session_id")[0m
  [4;35;1mSQL (0.002502)[0m   [0mCREATE INDEX "index_sessions_on_updated_at" ON sessions ("updated_at")[0m
  [4;36;1mSQL (0.002296)[0m   [0;1mUPDATE schema_info SET version = 1[0m
  [4;35;1mSQL (0.000439)[0m   [0mSELECT * FROM schema_info[0m
  [4;36;1mSQL (0.000442)[0m   [0;1m SELECT name
 FROM sqlite_master
 WHERE type = 'table' AND NOT name = 'sqlite_sequence'
[0m
  [4;35;1mSQL (0.000422)[0m   [0mPRAGMA index_list(sessions)[0m
  [4;36;1mSQL (0.000362)[0m   [0;1mPRAGMA index_info('index_sessions_on_updated_at')[0m
  [4;35;1mSQL (0.000294)[0m   [0mPRAGMA index_info('index_sessions_on_session_id')[0m


Processing HomeController#index (for 127.0.0.1 at 2008-06-05 21:53:59) [POST]
  Session ID: dbb28af44210eba81c6fb9d472b3e6a2
  Parameters: {"xn_sig_expires"=>"0", "xn_sig_session_key"=>"viXAGae0EqU7tp42AG0rKBuwg1S0ep3btsfSt0GzfYc492FUKl0jP7PHIT6F4ty4-243357028", "xn_sig_user"=>"243357028", "xn_sig_time"=>"1212674036926", "action"=>"index", "controller"=>"home", "xn_sig_api_key"=>"2ab3135dfa0d4c9c8391d23920a2f7ca", "xn_sig_in_iframe"=>"0", "xn_sig_added"=>"1"}


ActionController::InvalidAuthenticityToken (No :secret given to the #protect_from_forgery call.  Set that or use a session store capable of generating its own keys (Cookie Session Store).):
    /Applications/Locomotive2/Bundles/rmagickRailsMar2007_i386.locobundle/framework/lib/ruby/gems/1.8/gems/actionpack-2.0.2/lib/action_controller/request_forgery_protection.rb:107:in `form_authenticity_token'
    /Applications/Locomotive2/Bundles/rmagickRailsMar2007_i386.locobundle/framework/lib/ruby/gems/1.8/gems/actionpack-2.0.2/lib/action_controller/request_forgery_protection.rb:91:in `verified_request?'
    /Applications/Locomotive2/Bundles/rmagickRailsMar2007_i386.locobundle/framework/lib/ruby/gems/1.8/gems/actionpack-2.0.2/lib/action_controller/request_forgery_protection.rb:79:in `verify_authenticity_token'
    /Applications/Locomotive2/Bundles/rmagickRailsMar2007_i386.locobundle/framework/lib/ruby/gems/1.8/gems/actionpack-2.0.2/lib/action_controller/filters.rb:469:in `send!'
    /Applications/Locomotive2/Bundles/rmagickRailsMar2007_i386.locobundle/framework/lib/ruby/gems/1.8/gems/actionpack-2.0.2/lib/action_controller/filters.rb:469:in `call'
    /Applications/Locomotive2/Bundles/rmagickRailsMar2007_i386.locobundle/framework/lib/ruby/gems/1.8/gems/actionpack-2.0.2/lib/action_controller/filters.rb:441:in `run'
    /Applications/Locomotive2/Bundles/rmagickRailsMar2007_i386.locobundle/framework/lib/ruby/gems/1.8/gems/actionpack-2.0.2/lib/action_controller/filters.rb:716:in `run_before_filters'
    /Applications/Locomotive2/Bundles/rmagickRailsMar2007_i386.locobundle/framework/lib/ruby/gems/1.8/gems/actionpack-2.0.2/lib/action_controller/filters.rb:695:in `call_filters'
    /Applications/Locomotive2/Bundles/rmagickRailsMar2007_i386.locobundle/framework/lib/ruby/gems/1.8/gems/actionpack-2.0.2/lib/action_controller/filters.rb:689:in `perform_action_without_benchmark'
    /Applications/Locomotive2/Bundles/rmagickRailsMar2007_i386.locobundle/framework/lib/ruby/gems/1.8/gems/actionpack-2.0.2/lib/action_controller/benchmarking.rb:68:in `perform_action_without_rescue'
    /Applications/Locomotive2/Bundles/rmagickRailsMar2007_i386.locobundle/framework/lib/ruby/1.8/benchmark.rb:293:in `measure'
    /Applications/Locomotive2/Bundles/rmagickRailsMar2007_i386.locobundle/framework/lib/ruby/gems/1.8/gems/actionpack-2.0.2/lib/action_controller/benchmarking.rb:68:in `perform_action_without_rescue'
    /Applications/Locomotive2/Bundles/rmagickRailsMar2007_i386.locobundle/framework/lib/ruby/gems/1.8/gems/actionpack-2.0.2/lib/action_controller/rescue.rb:199:in `perform_action_without_caching'
    /Applications/Locomotive2/Bundles/rmagickRailsMar2007_i386.locobundle/framework/lib/ruby/gems/1.8/gems/actionpack-2.0.2/lib/action_controller/caching.rb:678:in `perform_action'
    /Applications/Locomotive2/Bundles/rmagickRailsMar2007_i386.locobundle/framework/lib/ruby/gems/1.8/gems/activerecord-2.0.2/lib/active_record/connection_adapters/abstract/query_cache.rb:33:in `cache'
    /Applications/Locomotive2/Bundles/rmagickRailsMar2007_i386.locobundle/framework/lib/ruby/gems/1.8/gems/activerecord-2.0.2/lib/active_record/query_cache.rb:8:in `cache'
    /Applications/Locomotive2/Bundles/rmagickRailsMar2007_i386.locobundle/framework/lib/ruby/gems/1.8/gems/actionpack-2.0.2/lib/action_controller/caching.rb:677:in `perform_action'
    /Applications/Locomotive2/Bundles/rmagickRailsMar2007_i386.locobundle/framework/lib/ruby/gems/1.8/gems/actionpack-2.0.2/lib/action_controller/base.rb:524:in `send'
    /Applications/Locomotive2/Bundles/rmagickRailsMar2007_i386.locobundle/framework/lib/ruby/gems/1.8/gems/actionpack-2.0.2/lib/action_controller/base.rb:524:in `process_without_filters'
    /Applications/Locomotive2/Bundles/rmagickRailsMar2007_i386.locobundle/framework/lib/ruby/gems/1.8/gems/actionpack-2.0.2/lib/action_controller/filters.rb:685:in `process_without_session_management_support'
    /Applications/Locomotive2/Bundles/rmagickRailsMar2007_i386.locobundle/framework/lib/ruby/gems/1.8/gems/actionpack-2.0.2/lib/action_controller/session_management.rb:123:in `process'
    /Applications/Locomotive2/Bundles/rmagickRailsMar2007_i386.locobundle/framework/lib/ruby/gems/1.8/gems/actionpack-2.0.2/lib/action_controller/base.rb:388:in `process'
    /Applications/Locomotive2/Bundles/rmagickRailsMar2007_i386.locobundle/framework/lib/ruby/gems/1.8/gems/actionpack-2.0.2/lib/action_controller/dispatcher.rb:171:in `handle_request'
    /Applications/Locomotive2/Bundles/rmagickRailsMar2007_i386.locobundle/framework/lib/ruby/gems/1.8/gems/actionpack-2.0.2/lib/action_controller/dispatcher.rb:115:in `dispatch'
    /Applications/Locomotive2/Bundles/rmagickRailsMar2007_i386.locobundle/framework/lib/ruby/gems/1.8/gems/actionpack-2.0.2/lib/action_controller/dispatcher.rb:126:in `dispatch_cgi'
    /Applications/Locomotive2/Bundles/rmagickRailsMar2007_i386.locobundle/framework/lib/ruby/gems/1.8/gems/actionpack-2.0.2/lib/action_controller/dispatcher.rb:9:in `dispatch'
    /Applications/Locomotive2/Bundles/rmagickRailsMar2007_i386.locobundle/framework/lib/ruby/gems/1.8/gems/mongrel-1.1.4/bin/../lib/mongrel/rails.rb:76:in `process'
    /Applications/Locomotive2/Bundles/rmagickRailsMar2007_i386.locobundle/framework/lib/ruby/gems/1.8/gems/mongrel-1.1.4/bin/../lib/mongrel/rails.rb:74:in `synchronize'
    /Applications/Locomotive2/Bundles/rmagickRailsMar2007_i386.locobundle/framework/lib/ruby/gems/1.8/gems/mongrel-1.1.4/bin/../lib/mongrel/rails.rb:74:in `process'
    /Applications/Locomotive2/Bundles/rmagickRailsMar2007_i386.locobundle/framework/lib/ruby/gems/1.8/gems/mongrel-1.1.4/lib/mongrel.rb:159:in `process_client'
    /Applications/Locomotive2/Bundles/rmagickRailsMar2007_i386.locobundle/framework/lib/ruby/gems/1.8/gems/mongrel-1.1.4/lib/mongrel.rb:158:in `each'
    /Applications/Locomotive2/Bundles/rmagickRailsMar2007_i386.locobundle/framework/lib/ruby/gems/1.8/gems/mongrel-1.1.4/lib/mongrel.rb:158:in `process_client'
    /Applications/Locomotive2/Bundles/rmagickRailsMar2007_i386.locobundle/framework/lib/ruby/gems/1.8/gems/mongrel-1.1.4/lib/mongrel.rb:285:in `run'
    /Applications/Locomotive2/Bundles/rmagickRailsMar2007_i386.locobundle/framework/lib/ruby/gems/1.8/gems/mongrel-1.1.4/lib/mongrel.rb:285:in `initialize'
    /Applications/Locomotive2/Bundles/rmagickRailsMar2007_i386.locobundle/framework/lib/ruby/gems/1.8/gems/mongrel-1.1.4/lib/mongrel.rb:285:in `new'
    /Applications/Locomotive2/Bundles/rmagickRailsMar2007_i386.locobundle/framework/lib/ruby/gems/1.8/gems/mongrel-1.1.4/lib/mongrel.rb:285:in `run'
    /Applications/Locomotive2/Bundles/rmagickRailsMar2007_i386.locobundle/framework/lib/ruby/gems/1.8/gems/mongrel-1.1.4/lib/mongrel.rb:268:in `initialize'
    /Applications/Locomotive2/Bundles/rmagickRailsMar2007_i386.locobundle/framework/lib/ruby/gems/1.8/gems/mongrel-1.1.4/lib/mongrel.rb:268:in `new'
    /Applications/Locomotive2/Bundles/rmagickRailsMar2007_i386.locobundle/framework/lib/ruby/gems/1.8/gems/mongrel-1.1.4/lib/mongrel.rb:268:in `run'
    /Applications/Locomotive2/Bundles/rmagickRailsMar2007_i386.locobundle/framework/lib/ruby/gems/1.8/gems/mongrel-1.1.4/lib/mongrel/configurator.rb:282:in `run'
    /Applications/Locomotive2/Bundles/rmagickRailsMar2007_i386.locobundle/framework/lib/ruby/gems/1.8/gems/mongrel-1.1.4/lib/mongrel/configurator.rb:281:in `each'
    /Applications/Locomotive2/Bundles/rmagickRailsMar2007_i386.locobundle/framework/lib/ruby/gems/1.8/gems/mongrel-1.1.4/lib/mongrel/configurator.rb:281:in `run'
    /Applications/Locomotive2/Bundles/rmagickRailsMar2007_i386.locobundle/framework/lib/ruby/gems/1.8/gems/mongrel-1.1.4/bin/mongrel_rails:128:in `run'
    /Applications/Locomotive2/Bundles/rmagickRailsMar2007_i386.locobundle/framework/lib/ruby/gems/1.8/gems/mongrel-1.1.4/lib/mongrel/command.rb:212:in `run'
    /Applications/Locomotive2/Bundles/rmagickRailsMar2007_i386.locobundle/framework/lib/ruby/gems/1.8/gems/mongrel-1.1.4/bin/mongrel_rails:281
    /Applications/Locomotive2/Bundles/rmagickRailsMar2007_i386.locobundle/framework/lib/ruby/gems/1.8/gems/activesupport-2.0.2/lib/active_support/dependencies.rb:489:in `load'
    /Applications/Locomotive2/Bundles/rmagickRailsMar2007_i386.locobundle/framework/lib/ruby/gems/1.8/gems/activesupport-2.0.2/lib/active_support/dependencies.rb:489:in `load'
    /Applications/Locomotive2/Bundles/rmagickRailsMar2007_i386.locobundle/framework/lib/ruby/gems/1.8/gems/activesupport-2.0.2/lib/active_support/dependencies.rb:342:in `new_constants_in'
    /Applications/Locomotive2/Bundles/rmagickRailsMar2007_i386.locobundle/framework/lib/ruby/gems/1.8/gems/activesupport-2.0.2/lib/active_support/dependencies.rb:489:in `load'
    /Applications/Locomotive2/Bundles/rmagickRailsMar2007_i386.locobundle/framework/lib/ruby/gems/1.8/gems/rails-2.0.2/lib/commands/servers/mongrel.rb:64
    /Applications/Locomotive2/Bundles/rmagickRailsMar2007_i386.locobundle/framework/lib/ruby/site_ruby/1.8/rubygems/custom_require.rb:27:in `gem_original_require'
    /Applications/Locomotive2/Bundles/rmagickRailsMar2007_i386.locobundle/framework/lib/ruby/site_ruby/1.8/rubygems/custom_require.rb:27:in `require'
    /Applications/Locomotive2/Bundles/rmagickRailsMar2007_i386.locobundle/framework/lib/ruby/gems/1.8/gems/activesupport-2.0.2/lib/active_support/dependencies.rb:496:in `require'
    /Applications/Locomotive2/Bundles/rmagickRailsMar2007_i386.locobundle/framework/lib/ruby/gems/1.8/gems/activesupport-2.0.2/lib/active_support/dependencies.rb:342:in `new_constants_in'
    /Applications/Locomotive2/Bundles/rmagickRailsMar2007_i386.locobundle/framework/lib/ruby/gems/1.8/gems/activesupport-2.0.2/lib/active_support/dependencies.rb:496:in `require'
    /Applications/Locomotive2/Bundles/rmagickRailsMar2007_i386.locobundle/framework/lib/ruby/gems/1.8/gems/rails-2.0.2/lib/commands/server.rb:39
    /Applications/Locomotive2/Bundles/rmagickRailsMar2007_i386.locobundle/framework/lib/ruby/site_ruby/1.8/rubygems/custom_require.rb:27:in `gem_original_require'
    /Applications/Locomotive2/Bundles/rmagickRailsMar2007_i386.locobundle/framework/lib/ruby/site_ruby/1.8/rubygems/custom_require.rb:27:in `require'
    ./script/server:3

Rendering /Applications/Locomotive2/Bundles/rmagickRailsMar2007_i386.locobundle/framework/lib/ruby/gems/1.8/gems/actionpack-2.0.2/lib/action_controller/templates/rescues/layout.erb (unprocessable_entity)


Processing HomeController#index (for 127.0.0.1 at 2008-06-05 21:54:51) [POST]
  Session ID: f1cabb21ae1b2165802ecdf3dd750fef
  Parameters: {"xn_sig_expires"=>"0", "xn_sig_session_key"=>"viXAGae0EqU7tp42AG0rKBuwg1S0ep3btsfSt0GzfYc492FUKl0jP7PHIT6F4ty4-243357028", "xn_sig_user"=>"243357028", "xn_sig_time"=>"1212674089152", "action"=>"index", "controller"=>"home", "xn_sig_api_key"=>"2ab3135dfa0d4c9c8391d23920a2f7ca", "xn_sig_in_iframe"=>"0", "xn_sig_added"=>"1"}


ActionController::InvalidAuthenticityToken (No :secret given to the #protect_from_forgery call.  Set that or use a session store capable of generating its own keys (Cookie Session Store).):
    /Applications/Locomotive2/Bundles/rmagickRailsMar2007_i386.locobundle/framework/lib/ruby/gems/1.8/gems/actionpack-2.0.2/lib/action_controller/request_forgery_protection.rb:107:in `form_authenticity_token'
    /Applications/Locomotive2/Bundles/rmagickRailsMar2007_i386.locobundle/framework/lib/ruby/gems/1.8/gems/actionpack-2.0.2/lib/action_controller/request_forgery_protection.rb:91:in `verified_request?'
    /Applications/Locomotive2/Bundles/rmagickRailsMar2007_i386.locobundle/framework/lib/ruby/gems/1.8/gems/actionpack-2.0.2/lib/action_controller/request_forgery_protection.rb:79:in `verify_authenticity_token'
    /Applications/Locomotive2/Bundles/rmagickRailsMar2007_i386.locobundle/framework/lib/ruby/gems/1.8/gems/actionpack-2.0.2/lib/action_controller/filters.rb:469:in `send!'
    /Applications/Locomotive2/Bundles/rmagickRailsMar2007_i386.locobundle/framework/lib/ruby/gems/1.8/gems/actionpack-2.0.2/lib/action_controller/filters.rb:469:in `call'
    /Applications/Locomotive2/Bundles/rmagickRailsMar2007_i386.locobundle/framework/lib/ruby/gems/1.8/gems/actionpack-2.0.2/lib/action_controller/filters.rb:441:in `run'
    /Applications/Locomotive2/Bundles/rmagickRailsMar2007_i386.locobundle/framework/lib/ruby/gems/1.8/gems/actionpack-2.0.2/lib/action_controller/filters.rb:716:in `run_before_filters'
    /Applications/Locomotive2/Bundles/rmagickRailsMar2007_i386.locobundle/framework/lib/ruby/gems/1.8/gems/actionpack-2.0.2/lib/action_controller/filters.rb:695:in `call_filters'
    /Applications/Locomotive2/Bundles/rmagickRailsMar2007_i386.locobundle/framework/lib/ruby/gems/1.8/gems/actionpack-2.0.2/lib/action_controller/filters.rb:689:in `perform_action_without_benchmark'
    /Applications/Locomotive2/Bundles/rmagickRailsMar2007_i386.locobundle/framework/lib/ruby/gems/1.8/gems/actionpack-2.0.2/lib/action_controller/benchmarking.rb:68:in `perform_action_without_rescue'
    /Applications/Locomotive2/Bundles/rmagickRailsMar2007_i386.locobundle/framework/lib/ruby/1.8/benchmark.rb:293:in `measure'
    /Applications/Locomotive2/Bundles/rmagickRailsMar2007_i386.locobundle/framework/lib/ruby/gems/1.8/gems/actionpack-2.0.2/lib/action_controller/benchmarking.rb:68:in `perform_action_without_rescue'
    /Applications/Locomotive2/Bundles/rmagickRailsMar2007_i386.locobundle/framework/lib/ruby/gems/1.8/gems/actionpack-2.0.2/lib/action_controller/rescue.rb:199:in `perform_action_without_caching'
    /Applications/Locomotive2/Bundles/rmagickRailsMar2007_i386.locobundle/framework/lib/ruby/gems/1.8/gems/actionpack-2.0.2/lib/action_controller/caching.rb:678:in `perform_action'
    /Applications/Locomotive2/Bundles/rmagickRailsMar2007_i386.locobundle/framework/lib/ruby/gems/1.8/gems/activerecord-2.0.2/lib/active_record/connection_adapters/abstract/query_cache.rb:33:in `cache'
    /Applications/Locomotive2/Bundles/rmagickRailsMar2007_i386.locobundle/framework/lib/ruby/gems/1.8/gems/activerecord-2.0.2/lib/active_record/query_cache.rb:8:in `cache'
    /Applications/Locomotive2/Bundles/rmagickRailsMar2007_i386.locobundle/framework/lib/ruby/gems/1.8/gems/actionpack-2.0.2/lib/action_controller/caching.rb:677:in `perform_action'
    /Applications/Locomotive2/Bundles/rmagickRailsMar2007_i386.locobundle/framework/lib/ruby/gems/1.8/gems/actionpack-2.0.2/lib/action_controller/base.rb:524:in `send'
    /Applications/Locomotive2/Bundles/rmagickRailsMar2007_i386.locobundle/framework/lib/ruby/gems/1.8/gems/actionpack-2.0.2/lib/action_controller/base.rb:524:in `process_without_filters'
    /Applications/Locomotive2/Bundles/rmagickRailsMar2007_i386.locobundle/framework/lib/ruby/gems/1.8/gems/actionpack-2.0.2/lib/action_controller/filters.rb:685:in `process_without_session_management_support'
    /Applications/Locomotive2/Bundles/rmagickRailsMar2007_i386.locobundle/framework/lib/ruby/gems/1.8/gems/actionpack-2.0.2/lib/action_controller/session_management.rb:123:in `process'
    /Applications/Locomotive2/Bundles/rmagickRailsMar2007_i386.locobundle/framework/lib/ruby/gems/1.8/gems/actionpack-2.0.2/lib/action_controller/base.rb:388:in `process'
    /Applications/Locomotive2/Bundles/rmagickRailsMar2007_i386.locobundle/framework/lib/ruby/gems/1.8/gems/actionpack-2.0.2/lib/action_controller/dispatcher.rb:171:in `handle_request'
    /Applications/Locomotive2/Bundles/rmagickRailsMar2007_i386.locobundle/framework/lib/ruby/gems/1.8/gems/actionpack-2.0.2/lib/action_controller/dispatcher.rb:115:in `dispatch'
    /Applications/Locomotive2/Bundles/rmagickRailsMar2007_i386.locobundle/framework/lib/ruby/gems/1.8/gems/actionpack-2.0.2/lib/action_controller/dispatcher.rb:126:in `dispatch_cgi'
    /Applications/Locomotive2/Bundles/rmagickRailsMar2007_i386.locobundle/framework/lib/ruby/gems/1.8/gems/actionpack-2.0.2/lib/action_controller/dispatcher.rb:9:in `dispatch'
    /Applications/Locomotive2/Bundles/rmagickRailsMar2007_i386.locobundle/framework/lib/ruby/gems/1.8/gems/mongrel-1.1.4/bin/../lib/mongrel/rails.rb:76:in `process'
    /Applications/Locomotive2/Bundles/rmagickRailsMar2007_i386.locobundle/framework/lib/ruby/gems/1.8/gems/mongrel-1.1.4/bin/../lib/mongrel/rails.rb:74:in `synchronize'
    /Applications/Locomotive2/Bundles/rmagickRailsMar2007_i386.locobundle/framework/lib/ruby/gems/1.8/gems/mongrel-1.1.4/bin/../lib/mongrel/rails.rb:74:in `process'
    /Applications/Locomotive2/Bundles/rmagickRailsMar2007_i386.locobundle/framework/lib/ruby/gems/1.8/gems/mongrel-1.1.4/lib/mongrel.rb:159:in `process_client'
    /Applications/Locomotive2/Bundles/rmagickRailsMar2007_i386.locobundle/framework/lib/ruby/gems/1.8/gems/mongrel-1.1.4/lib/mongrel.rb:158:in `each'
    /Applications/Locomotive2/Bundles/rmagickRailsMar2007_i386.locobundle/framework/lib/ruby/gems/1.8/gems/mongrel-1.1.4/lib/mongrel.rb:158:in `process_client'
    /Applications/Locomotive2/Bundles/rmagickRailsMar2007_i386.locobundle/framework/lib/ruby/gems/1.8/gems/mongrel-1.1.4/lib/mongrel.rb:285:in `run'
    /Applications/Locomotive2/Bundles/rmagickRailsMar2007_i386.locobundle/framework/lib/ruby/gems/1.8/gems/mongrel-1.1.4/lib/mongrel.rb:285:in `initialize'
    /Applications/Locomotive2/Bundles/rmagickRailsMar2007_i386.locobundle/framework/lib/ruby/gems/1.8/gems/mongrel-1.1.4/lib/mongrel.rb:285:in `new'
    /Applications/Locomotive2/Bundles/rmagickRailsMar2007_i386.locobundle/framework/lib/ruby/gems/1.8/gems/mongrel-1.1.4/lib/mongrel.rb:285:in `run'
    /Applications/Locomotive2/Bundles/rmagickRailsMar2007_i386.locobundle/framework/lib/ruby/gems/1.8/gems/mongrel-1.1.4/lib/mongrel.rb:268:in `initialize'
    /Applications/Locomotive2/Bundles/rmagickRailsMar2007_i386.locobundle/framework/lib/ruby/gems/1.8/gems/mongrel-1.1.4/lib/mongrel.rb:268:in `new'
    /Applications/Locomotive2/Bundles/rmagickRailsMar2007_i386.locobundle/framework/lib/ruby/gems/1.8/gems/mongrel-1.1.4/lib/mongrel.rb:268:in `run'
    /Applications/Locomotive2/Bundles/rmagickRailsMar2007_i386.locobundle/framework/lib/ruby/gems/1.8/gems/mongrel-1.1.4/lib/mongrel/configurator.rb:282:in `run'
    /Applications/Locomotive2/Bundles/rmagickRailsMar2007_i386.locobundle/framework/lib/ruby/gems/1.8/gems/mongrel-1.1.4/lib/mongrel/configurator.rb:281:in `each'
    /Applications/Locomotive2/Bundles/rmagickRailsMar2007_i386.locobundle/framework/lib/ruby/gems/1.8/gems/mongrel-1.1.4/lib/mongrel/configurator.rb:281:in `run'
    /Applications/Locomotive2/Bundles/rmagickRailsMar2007_i386.locobundle/framework/lib/ruby/gems/1.8/gems/mongrel-1.1.4/bin/mongrel_rails:128:in `run'
    /Applications/Locomotive2/Bundles/rmagickRailsMar2007_i386.locobundle/framework/lib/ruby/gems/1.8/gems/mongrel-1.1.4/lib/mongrel/command.rb:212:in `run'
    /Applications/Locomotive2/Bundles/rmagickRailsMar2007_i386.locobundle/framework/lib/ruby/gems/1.8/gems/mongrel-1.1.4/bin/mongrel_rails:281
    /Applications/Locomotive2/Bundles/rmagickRailsMar2007_i386.locobundle/framework/lib/ruby/gems/1.8/gems/activesupport-2.0.2/lib/active_support/dependencies.rb:489:in `load'
    /Applications/Locomotive2/Bundles/rmagickRailsMar2007_i386.locobundle/framework/lib/ruby/gems/1.8/gems/activesupport-2.0.2/lib/active_support/dependencies.rb:489:in `load'
    /Applications/Locomotive2/Bundles/rmagickRailsMar2007_i386.locobundle/framework/lib/ruby/gems/1.8/gems/activesupport-2.0.2/lib/active_support/dependencies.rb:342:in `new_constants_in'
    /Applications/Locomotive2/Bundles/rmagickRailsMar2007_i386.locobundle/framework/lib/ruby/gems/1.8/gems/activesupport-2.0.2/lib/active_support/dependencies.rb:489:in `load'
    /Applications/Locomotive2/Bundles/rmagickRailsMar2007_i386.locobundle/framework/lib/ruby/gems/1.8/gems/rails-2.0.2/lib/commands/servers/mongrel.rb:64
    /Applications/Locomotive2/Bundles/rmagickRailsMar2007_i386.locobundle/framework/lib/ruby/site_ruby/1.8/rubygems/custom_require.rb:27:in `gem_original_require'
    /Applications/Locomotive2/Bundles/rmagickRailsMar2007_i386.locobundle/framework/lib/ruby/site_ruby/1.8/rubygems/custom_require.rb:27:in `require'
    /Applications/Locomotive2/Bundles/rmagickRailsMar2007_i386.locobundle/framework/lib/ruby/gems/1.8/gems/activesupport-2.0.2/lib/active_support/dependencies.rb:496:in `require'
    /Applications/Locomotive2/Bundles/rmagickRailsMar2007_i386.locobundle/framework/lib/ruby/gems/1.8/gems/activesupport-2.0.2/lib/active_support/dependencies.rb:342:in `new_constants_in'
    /Applications/Locomotive2/Bundles/rmagickRailsMar2007_i386.locobundle/framework/lib/ruby/gems/1.8/gems/activesupport-2.0.2/lib/active_support/dependencies.rb:496:in `require'
    /Applications/Locomotive2/Bundles/rmagickRailsMar2007_i386.locobundle/framework/lib/ruby/gems/1.8/gems/rails-2.0.2/lib/commands/server.rb:39
    /Applications/Locomotive2/Bundles/rmagickRailsMar2007_i386.locobundle/framework/lib/ruby/site_ruby/1.8/rubygems/custom_require.rb:27:in `gem_original_require'
    /Applications/Locomotive2/Bundles/rmagickRailsMar2007_i386.locobundle/framework/lib/ruby/site_ruby/1.8/rubygems/custom_require.rb:27:in `require'
    ./script/server:3

Rendering /Applications/Locomotive2/Bundles/rmagickRailsMar2007_i386.locobundle/framework/lib/ruby/gems/1.8/gems/actionpack-2.0.2/lib/action_controller/templates/rescues/layout.erb (unprocessable_entity)


Processing HomeController#index (for 127.0.0.1 at 2008-06-05 21:56:05) [POST]
  Session ID: ed388337457470cfc8383b2a18a44d69
  Parameters: {"xn_sig_expires"=>"0", "xn_sig_session_key"=>"viXAGae0EqU7tp42AG0rKBuwg1S0ep3btsfSt0GzfYc492FUKl0jP7PHIT6F4ty4-243357028", "xn_sig_user"=>"243357028", "xn_sig_time"=>"1212674163778", "action"=>"index", "controller"=>"home", "xn_sig_api_key"=>"2ab3135dfa0d4c9c8391d23920a2f7ca", "xn_sig_in_iframe"=>"0", "xn_sig_added"=>"1"}


ActionController::InvalidAuthenticityToken (No :secret given to the #protect_from_forgery call.  Set that or use a session store capable of generating its own keys (Cookie Session Store).):
    /Applications/Locomotive2/Bundles/rmagickRailsMar2007_i386.locobundle/framework/lib/ruby/gems/1.8/gems/actionpack-2.0.2/lib/action_controller/request_forgery_protection.rb:107:in `form_authenticity_token'
    /Applications/Locomotive2/Bundles/rmagickRailsMar2007_i386.locobundle/framework/lib/ruby/gems/1.8/gems/actionpack-2.0.2/lib/action_controller/request_forgery_protection.rb:91:in `verified_request?'
    /Applications/Locomotive2/Bundles/rmagickRailsMar2007_i386.locobundle/framework/lib/ruby/gems/1.8/gems/actionpack-2.0.2/lib/action_controller/request_forgery_protection.rb:79:in `verify_authenticity_token'
    /Applications/Locomotive2/Bundles/rmagickRailsMar2007_i386.locobundle/framework/lib/ruby/gems/1.8/gems/actionpack-2.0.2/lib/action_controller/filters.rb:469:in `send!'
    /Applications/Locomotive2/Bundles/rmagickRailsMar2007_i386.locobundle/framework/lib/ruby/gems/1.8/gems/actionpack-2.0.2/lib/action_controller/filters.rb:469:in `call'
    /Applications/Locomotive2/Bundles/rmagickRailsMar2007_i386.locobundle/framework/lib/ruby/gems/1.8/gems/actionpack-2.0.2/lib/action_controller/filters.rb:441:in `run'
    /Applications/Locomotive2/Bundles/rmagickRailsMar2007_i386.locobundle/framework/lib/ruby/gems/1.8/gems/actionpack-2.0.2/lib/action_controller/filters.rb:716:in `run_before_filters'
    /Applications/Locomotive2/Bundles/rmagickRailsMar2007_i386.locobundle/framework/lib/ruby/gems/1.8/gems/actionpack-2.0.2/lib/action_controller/filters.rb:695:in `call_filters'
    /Applications/Locomotive2/Bundles/rmagickRailsMar2007_i386.locobundle/framework/lib/ruby/gems/1.8/gems/actionpack-2.0.2/lib/action_controller/filters.rb:689:in `perform_action_without_benchmark'
    /Applications/Locomotive2/Bundles/rmagickRailsMar2007_i386.locobundle/framework/lib/ruby/gems/1.8/gems/actionpack-2.0.2/lib/action_controller/benchmarking.rb:68:in `perform_action_without_rescue'
    /Applications/Locomotive2/Bundles/rmagickRailsMar2007_i386.locobundle/framework/lib/ruby/1.8/benchmark.rb:293:in `measure'
    /Applications/Locomotive2/Bundles/rmagickRailsMar2007_i386.locobundle/framework/lib/ruby/gems/1.8/gems/actionpack-2.0.2/lib/action_controller/benchmarking.rb:68:in `perform_action_without_rescue'
    /Applications/Locomotive2/Bundles/rmagickRailsMar2007_i386.locobundle/framework/lib/ruby/gems/1.8/gems/actionpack-2.0.2/lib/action_controller/rescue.rb:199:in `perform_action_without_caching'
    /Applications/Locomotive2/Bundles/rmagickRailsMar2007_i386.locobundle/framework/lib/ruby/gems/1.8/gems/actionpack-2.0.2/lib/action_controller/caching.rb:678:in `perform_action'
    /Applications/Locomotive2/Bundles/rmagickRailsMar2007_i386.locobundle/framework/lib/ruby/gems/1.8/gems/activerecord-2.0.2/lib/active_record/connection_adapters/abstract/query_cache.rb:33:in `cache'
    /Applications/Locomotive2/Bundles/rmagickRailsMar2007_i386.locobundle/framework/lib/ruby/gems/1.8/gems/activerecord-2.0.2/lib/active_record/query_cache.rb:8:in `cache'
    /Applications/Locomotive2/Bundles/rmagickRailsMar2007_i386.locobundle/framework/lib/ruby/gems/1.8/gems/actionpack-2.0.2/lib/action_controller/caching.rb:677:in `perform_action'
    /Applications/Locomotive2/Bundles/rmagickRailsMar2007_i386.locobundle/framework/lib/ruby/gems/1.8/gems/actionpack-2.0.2/lib/action_controller/base.rb:524:in `send'
    /Applications/Locomotive2/Bundles/rmagickRailsMar2007_i386.locobundle/framework/lib/ruby/gems/1.8/gems/actionpack-2.0.2/lib/action_controller/base.rb:524:in `process_without_filters'
    /Applications/Locomotive2/Bundles/rmagickRailsMar2007_i386.locobundle/framework/lib/ruby/gems/1.8/gems/actionpack-2.0.2/lib/action_controller/filters.rb:685:in `process_without_session_management_support'
    /Applications/Locomotive2/Bundles/rmagickRailsMar2007_i386.locobundle/framework/lib/ruby/gems/1.8/gems/actionpack-2.0.2/lib/action_controller/session_management.rb:123:in `process'
    /Applications/Locomotive2/Bundles/rmagickRailsMar2007_i386.locobundle/framework/lib/ruby/gems/1.8/gems/actionpack-2.0.2/lib/action_controller/base.rb:388:in `process'
    /Applications/Locomotive2/Bundles/rmagickRailsMar2007_i386.locobundle/framework/lib/ruby/gems/1.8/gems/actionpack-2.0.2/lib/action_controller/dispatcher.rb:171:in `handle_request'
    /Applications/Locomotive2/Bundles/rmagickRailsMar2007_i386.locobundle/framework/lib/ruby/gems/1.8/gems/actionpack-2.0.2/lib/action_controller/dispatcher.rb:115:in `dispatch'
    /Applications/Locomotive2/Bundles/rmagickRailsMar2007_i386.locobundle/framework/lib/ruby/gems/1.8/gems/actionpack-2.0.2/lib/action_controller/dispatcher.rb:126:in `dispatch_cgi'
    /Applications/Locomotive2/Bundles/rmagickRailsMar2007_i386.locobundle/framework/lib/ruby/gems/1.8/gems/actionpack-2.0.2/lib/action_controller/dispatcher.rb:9:in `dispatch'
    /Applications/Locomotive2/Bundles/rmagickRailsMar2007_i386.locobundle/framework/lib/ruby/gems/1.8/gems/mongrel-1.1.4/bin/../lib/mongrel/rails.rb:76:in `process'
    /Applications/Locomotive2/Bundles/rmagickRailsMar2007_i386.locobundle/framework/lib/ruby/gems/1.8/gems/mongrel-1.1.4/bin/../lib/mongrel/rails.rb:74:in `synchronize'
    /Applications/Locomotive2/Bundles/rmagickRailsMar2007_i386.locobundle/framework/lib/ruby/gems/1.8/gems/mongrel-1.1.4/bin/../lib/mongrel/rails.rb:74:in `process'
    /Applications/Locomotive2/Bundles/rmagickRailsMar2007_i386.locobundle/framework/lib/ruby/gems/1.8/gems/mongrel-1.1.4/lib/mongrel.rb:159:in `process_client'
    /Applications/Locomotive2/Bundles/rmagickRailsMar2007_i386.locobundle/framework/lib/ruby/gems/1.8/gems/mongrel-1.1.4/lib/mongrel.rb:158:in `each'
    /Applications/Locomotive2/Bundles/rmagickRailsMar2007_i386.locobundle/framework/lib/ruby/gems/1.8/gems/mongrel-1.1.4/lib/mongrel.rb:158:in `process_client'
    /Applications/Locomotive2/Bundles/rmagickRailsMar2007_i386.locobundle/framework/lib/ruby/gems/1.8/gems/mongrel-1.1.4/lib/mongrel.rb:285:in `run'
    /Applications/Locomotive2/Bundles/rmagickRailsMar2007_i386.locobundle/framework/lib/ruby/gems/1.8/gems/mongrel-1.1.4/lib/mongrel.rb:285:in `initialize'
    /Applications/Locomotive2/Bundles/rmagickRailsMar2007_i386.locobundle/framework/lib/ruby/gems/1.8/gems/mongrel-1.1.4/lib/mongrel.rb:285:in `new'
    /Applications/Locomotive2/Bundles/rmagickRailsMar2007_i386.locobundle/framework/lib/ruby/gems/1.8/gems/mongrel-1.1.4/lib/mongrel.rb:285:in `run'
    /Applications/Locomotive2/Bundles/rmagickRailsMar2007_i386.locobundle/framework/lib/ruby/gems/1.8/gems/mongrel-1.1.4/lib/mongrel.rb:268:in `initialize'
    /Applications/Locomotive2/Bundles/rmagickRailsMar2007_i386.locobundle/framework/lib/ruby/gems/1.8/gems/mongrel-1.1.4/lib/mongrel.rb:268:in `new'
    /Applications/Locomotive2/Bundles/rmagickRailsMar2007_i386.locobundle/framework/lib/ruby/gems/1.8/gems/mongrel-1.1.4/lib/mongrel.rb:268:in `run'
    /Applications/Locomotive2/Bundles/rmagickRailsMar2007_i386.locobundle/framework/lib/ruby/gems/1.8/gems/mongrel-1.1.4/lib/mongrel/configurator.rb:282:in `run'
    /Applications/Locomotive2/Bundles/rmagickRailsMar2007_i386.locobundle/framework/lib/ruby/gems/1.8/gems/mongrel-1.1.4/lib/mongrel/configurator.rb:281:in `each'
    /Applications/Locomotive2/Bundles/rmagickRailsMar2007_i386.locobundle/framework/lib/ruby/gems/1.8/gems/mongrel-1.1.4/lib/mongrel/configurator.rb:281:in `run'
    /Applications/Locomotive2/Bundles/rmagickRailsMar2007_i386.locobundle/framework/lib/ruby/gems/1.8/gems/mongrel-1.1.4/bin/mongrel_rails:128:in `run'
    /Applications/Locomotive2/Bundles/rmagickRailsMar2007_i386.locobundle/framework/lib/ruby/gems/1.8/gems/mongrel-1.1.4/lib/mongrel/command.rb:212:in `run'
    /Applications/Locomotive2/Bundles/rmagickRailsMar2007_i386.locobundle/framework/lib/ruby/gems/1.8/gems/mongrel-1.1.4/bin/mongrel_rails:281
    /Applications/Locomotive2/Bundles/rmagickRailsMar2007_i386.locobundle/framework/lib/ruby/gems/1.8/gems/activesupport-2.0.2/lib/active_support/dependencies.rb:489:in `load'
    /Applications/Locomotive2/Bundles/rmagickRailsMar2007_i386.locobundle/framework/lib/ruby/gems/1.8/gems/activesupport-2.0.2/lib/active_support/dependencies.rb:489:in `load'
    /Applications/Locomotive2/Bundles/rmagickRailsMar2007_i386.locobundle/framework/lib/ruby/gems/1.8/gems/activesupport-2.0.2/lib/active_support/dependencies.rb:342:in `new_constants_in'
    /Applications/Locomotive2/Bundles/rmagickRailsMar2007_i386.locobundle/framework/lib/ruby/gems/1.8/gems/activesupport-2.0.2/lib/active_support/dependencies.rb:489:in `load'
    /Applications/Locomotive2/Bundles/rmagickRailsMar2007_i386.locobundle/framework/lib/ruby/gems/1.8/gems/rails-2.0.2/lib/commands/servers/mongrel.rb:64
    /Applications/Locomotive2/Bundles/rmagickRailsMar2007_i386.locobundle/framework/lib/ruby/site_ruby/1.8/rubygems/custom_require.rb:27:in `gem_original_require'
    /Applications/Locomotive2/Bundles/rmagickRailsMar2007_i386.locobundle/framework/lib/ruby/site_ruby/1.8/rubygems/custom_require.rb:27:in `require'
    /Applications/Locomotive2/Bundles/rmagickRailsMar2007_i386.locobundle/framework/lib/ruby/gems/1.8/gems/activesupport-2.0.2/lib/active_support/dependencies.rb:496:in `require'
    /Applications/Locomotive2/Bundles/rmagickRailsMar2007_i386.locobundle/framework/lib/ruby/gems/1.8/gems/activesupport-2.0.2/lib/active_support/dependencies.rb:342:in `new_constants_in'
    /Applications/Locomotive2/Bundles/rmagickRailsMar2007_i386.locobundle/framework/lib/ruby/gems/1.8/gems/activesupport-2.0.2/lib/active_support/dependencies.rb:496:in `require'
    /Applications/Locomotive2/Bundles/rmagickRailsMar2007_i386.locobundle/framework/lib/ruby/gems/1.8/gems/rails-2.0.2/lib/commands/server.rb:39
    /Applications/Locomotive2/Bundles/rmagickRailsMar2007_i386.locobundle/framework/lib/ruby/site_ruby/1.8/rubygems/custom_require.rb:27:in `gem_original_require'
    /Applications/Locomotive2/Bundles/rmagickRailsMar2007_i386.locobundle/framework/lib/ruby/site_ruby/1.8/rubygems/custom_require.rb:27:in `require'
    ./script/server:3

Rendering /Applications/Locomotive2/Bundles/rmagickRailsMar2007_i386.locobundle/framework/lib/ruby/gems/1.8/gems/actionpack-2.0.2/lib/action_controller/templates/rescues/layout.erb (unprocessable_entity)


Processing HomeController#index (for 127.0.0.1 at 2008-06-05 22:00:11) [POST]
  Session ID: 0abe290e08fa3c87e4fd746b713b541d
  Parameters: {"xn_sig_expires"=>"0", "xn_sig_session_key"=>"viXAGae0EqU7tp42AG0rKBuwg1S0ep3btsfSt0GzfYc492FUKl0jP7PHIT6F4ty4-243357028", "xn_sig_user"=>"243357028", "xn_sig_time"=>"1212674406383", "action"=>"index", "controller"=>"home", "xn_sig_api_key"=>"2ab3135dfa0d4c9c8391d23920a2f7ca", "xn_sig_in_iframe"=>"0", "xn_sig_added"=>"1"}
Rendering home/index
Completed in 0.00514 (194 reqs/sec) | Rendering: 0.00172 (33%) | DB: 0.00000 (0%) | 200 OK [http://www.featha.com/home]


Processing HomeController#index (for 127.0.0.1 at 2008-06-05 22:09:36) [POST]
  Session ID: d7d3e1c928db03274ad31b0beb279590
  Parameters: {"xn_sig_expires"=>"0", "xn_sig_session_key"=>"viXAGae0EqU7tp42AG0rKBuwg1S0ep3btsfSt0GzfYc492FUKl0jP7PHIT6F4ty4-243357028", "xn_sig_user"=>"243357028", "xn_sig_time"=>"1212674975212", "action"=>"index", "controller"=>"home", "xn_sig_api_key"=>"2ab3135dfa0d4c9c8391d23920a2f7ca", "xn_sig_in_iframe"=>"0", "xn_sig_added"=>"1"}
Rendering home/index
Completed in 0.00439 (227 reqs/sec) | Rendering: 0.00112 (25%) | DB: 0.00000 (0%) | 200 OK [http://www.featha.com/home]


Processing HomeController#index (for 127.0.0.1 at 2008-06-05 22:26:41) [POST]
  Session ID: 3c5496fb58a653c183a225089899c0ff
  Parameters: {"xn_sig_expires"=>"0", "xn_sig_session_key"=>"viXAGae0EqU7tp42AG0rKBuwg1S0ep3btsfSt0GzfYc492FUKl0jP7PHIT6F4ty4-243357028", "xn_sig_user"=>"243357028", "xn_sig_time"=>"1212675992011", "action"=>"index", "controller"=>"home", "xn_sig_api_key"=>"2ab3135dfa0d4c9c8391d23920a2f7ca", "xn_sig_in_iframe"=>"0", "xn_sig_added"=>"1"}
Rendering home/index
Completed in 0.00526 (190 reqs/sec) | Rendering: 0.00188 (35%) | DB: 0.00000 (0%) | 200 OK [http://www.featha.com/home]


Processing HomeController#index (for 127.0.0.1 at 2008-06-05 22:39:04) [POST]
  Session ID: bfa96512669aefa37d33bf7164e34b82
  Parameters: {"xn_sig_expires"=>"0", "xn_sig_session_key"=>"viXAGae0EqU7tp42AG0rKBuwg1S0ep3btsfSt0GzfYc492FUKl0jP7PHIT6F4ty4-243357028", "xn_sig_user"=>"243357028", "xn_sig_time"=>"1212676743082", "action"=>"index", "controller"=>"home", "xn_sig_api_key"=>"2ab3135dfa0d4c9c8391d23920a2f7ca", "xn_sig_in_iframe"=>"0", "xn_sig_added"=>"1"}
Rendering home/index
Completed in 0.00432 (231 reqs/sec) | Rendering: 0.00117 (27%) | DB: 0.00000 (0%) | 200 OK [http://www.featha.com/home]


Processing HomeController#index (for 127.0.0.1 at 2008-06-05 23:01:28) [POST]
  Session ID: 143a2032ebcdf7039d7b8788cb166e9d
  Parameters: {"xn_sig_expires"=>"0", "xn_sig_session_key"=>"viXAGae0EqU7tp42AG0rKBuwg1S0ep3btsfSt0GzfYc492FUKl0jP7PHIT6F4ty4-243357028", "xn_sig_user"=>"243357028", "xn_sig_time"=>"1212678087204", "action"=>"index", "controller"=>"home", "xn_sig_api_key"=>"2ab3135dfa0d4c9c8391d23920a2f7ca", "xn_sig_in_iframe"=>"0", "xn_sig_added"=>"1"}
Rendering home/index
Completed in 0.29757 (3 reqs/sec) | Rendering: 0.00321 (1%) | DB: 0.00000 (0%) | 200 OK [http://www.featha.com/home]


Processing HomeController#index (for 127.0.0.1 at 2008-06-05 23:05:32) [POST]
  Session ID: 2cc73b167dc7d29f079db35d8dca1f09
  Parameters: {"xn_sig_expires"=>"0", "xn_sig_session_key"=>"viXAGae0EqU7tp42AG0rKBuwg1S0ep3btsfSt0GzfYc492FUKl0jP7PHIT6F4ty4-243357028", "xn_sig_user"=>"243357028", "xn_sig_time"=>"1212678330712", "action"=>"index", "controller"=>"home", "xn_sig_api_key"=>"2ab3135dfa0d4c9c8391d23920a2f7ca", "xn_sig_in_iframe"=>"0", "xn_sig_added"=>"1"}


NameError (undefined local variable or method `res' for #<HomeController:0x266446c>):
    /app/controllers/home_controller.rb:7:in `index'
    /Applications/Locomotive2/Bundles/rmagickRailsMar2007_i386.locobundle/framework/lib/ruby/gems/1.8/gems/actionpack-2.0.2/lib/action_controller/base.rb:1158:in `send'
    /Applications/Locomotive2/Bundles/rmagickRailsMar2007_i386.locobundle/framework/lib/ruby/gems/1.8/gems/actionpack-2.0.2/lib/action_controller/base.rb:1158:in `perform_action_without_filters'
    /Applications/Locomotive2/Bundles/rmagickRailsMar2007_i386.locobundle/framework/lib/ruby/gems/1.8/gems/actionpack-2.0.2/lib/action_controller/filters.rb:697:in `call_filters'
    /Applications/Locomotive2/Bundles/rmagickRailsMar2007_i386.locobundle/framework/lib/ruby/gems/1.8/gems/actionpack-2.0.2/lib/action_controller/filters.rb:689:in `perform_action_without_benchmark'
    /Applications/Locomotive2/Bundles/rmagickRailsMar2007_i386.locobundle/framework/lib/ruby/gems/1.8/gems/actionpack-2.0.2/lib/action_controller/benchmarking.rb:68:in `perform_action_without_rescue'
    /Applications/Locomotive2/Bundles/rmagickRailsMar2007_i386.locobundle/framework/lib/ruby/1.8/benchmark.rb:293:in `measure'
    /Applications/Locomotive2/Bundles/rmagickRailsMar2007_i386.locobundle/framework/lib/ruby/gems/1.8/gems/actionpack-2.0.2/lib/action_controller/benchmarking.rb:68:in `perform_action_without_rescue'
    /Applications/Locomotive2/Bundles/rmagickRailsMar2007_i386.locobundle/framework/lib/ruby/gems/1.8/gems/actionpack-2.0.2/lib/action_controller/rescue.rb:199:in `perform_action_without_caching'
    /Applications/Locomotive2/Bundles/rmagickRailsMar2007_i386.locobundle/framework/lib/ruby/gems/1.8/gems/actionpack-2.0.2/lib/action_controller/caching.rb:678:in `perform_action'
    /Applications/Locomotive2/Bundles/rmagickRailsMar2007_i386.locobundle/framework/lib/ruby/gems/1.8/gems/activerecord-2.0.2/lib/active_record/connection_adapters/abstract/query_cache.rb:33:in `cache'
    /Applications/Locomotive2/Bundles/rmagickRailsMar2007_i386.locobundle/framework/lib/ruby/gems/1.8/gems/activerecord-2.0.2/lib/active_record/query_cache.rb:8:in `cache'
    /Applications/Locomotive2/Bundles/rmagickRailsMar2007_i386.locobundle/framework/lib/ruby/gems/1.8/gems/actionpack-2.0.2/lib/action_controller/caching.rb:677:in `perform_action'
    /Applications/Locomotive2/Bundles/rmagickRailsMar2007_i386.locobundle/framework/lib/ruby/gems/1.8/gems/actionpack-2.0.2/lib/action_controller/base.rb:524:in `send'
    /Applications/Locomotive2/Bundles/rmagickRailsMar2007_i386.locobundle/framework/lib/ruby/gems/1.8/gems/actionpack-2.0.2/lib/action_controller/base.rb:524:in `process_without_filters'
    /Applications/Locomotive2/Bundles/rmagickRailsMar2007_i386.locobundle/framework/lib/ruby/gems/1.8/gems/actionpack-2.0.2/lib/action_controller/filters.rb:685:in `process_without_session_management_support'
    /Applications/Locomotive2/Bundles/rmagickRailsMar2007_i386.locobundle/framework/lib/ruby/gems/1.8/gems/actionpack-2.0.2/lib/action_controller/session_management.rb:123:in `process'
    /Applications/Locomotive2/Bundles/rmagickRailsMar2007_i386.locobundle/framework/lib/ruby/gems/1.8/gems/actionpack-2.0.2/lib/action_controller/base.rb:388:in `process'
    /Applications/Locomotive2/Bundles/rmagickRailsMar2007_i386.locobundle/framework/lib/ruby/gems/1.8/gems/actionpack-2.0.2/lib/action_controller/dispatcher.rb:171:in `handle_request'
    /Applications/Locomotive2/Bundles/rmagickRailsMar2007_i386.locobundle/framework/lib/ruby/gems/1.8/gems/actionpack-2.0.2/lib/action_controller/dispatcher.rb:115:in `dispatch'
    /Applications/Locomotive2/Bundles/rmagickRailsMar2007_i386.locobundle/framework/lib/ruby/gems/1.8/gems/actionpack-2.0.2/lib/action_controller/dispatcher.rb:126:in `dispatch_cgi'
    /Applications/Locomotive2/Bundles/rmagickRailsMar2007_i386.locobundle/framework/lib/ruby/gems/1.8/gems/actionpack-2.0.2/lib/action_controller/dispatcher.rb:9:in `dispatch'
    /Applications/Locomotive2/Bundles/rmagickRailsMar2007_i386.locobundle/framework/lib/ruby/gems/1.8/gems/mongrel-1.1.4/bin/../lib/mongrel/rails.rb:76:in `process'
    /Applications/Locomotive2/Bundles/rmagickRailsMar2007_i386.locobundle/framework/lib/ruby/gems/1.8/gems/mongrel-1.1.4/bin/../lib/mongrel/rails.rb:74:in `synchronize'
    /Applications/Locomotive2/Bundles/rmagickRailsMar2007_i386.locobundle/framework/lib/ruby/gems/1.8/gems/mongrel-1.1.4/bin/../lib/mongrel/rails.rb:74:in `process'
    /Applications/Locomotive2/Bundles/rmagickRailsMar2007_i386.locobundle/framework/lib/ruby/gems/1.8/gems/mongrel-1.1.4/lib/mongrel.rb:159:in `process_client'
    /Applications/Locomotive2/Bundles/rmagickRailsMar2007_i386.locobundle/framework/lib/ruby/gems/1.8/gems/mongrel-1.1.4/lib/mongrel.rb:158:in `each'
    /Applications/Locomotive2/Bundles/rmagickRailsMar2007_i386.locobundle/framework/lib/ruby/gems/1.8/gems/mongrel-1.1.4/lib/mongrel.rb:158:in `process_client'
    /Applications/Locomotive2/Bundles/rmagickRailsMar2007_i386.locobundle/framework/lib/ruby/gems/1.8/gems/mongrel-1.1.4/lib/mongrel.rb:285:in `run'
    /Applications/Locomotive2/Bundles/rmagickRailsMar2007_i386.locobundle/framework/lib/ruby/gems/1.8/gems/mongrel-1.1.4/lib/mongrel.rb:285:in `initialize'
    /Applications/Locomotive2/Bundles/rmagickRailsMar2007_i386.locobundle/framework/lib/ruby/gems/1.8/gems/mongrel-1.1.4/lib/mongrel.rb:285:in `new'
    /Applications/Locomotive2/Bundles/rmagickRailsMar2007_i386.locobundle/framework/lib/ruby/gems/1.8/gems/mongrel-1.1.4/lib/mongrel.rb:285:in `run'
    /Applications/Locomotive2/Bundles/rmagickRailsMar2007_i386.locobundle/framework/lib/ruby/gems/1.8/gems/mongrel-1.1.4/lib/mongrel.rb:268:in `initialize'
    /Applications/Locomotive2/Bundles/rmagickRailsMar2007_i386.locobundle/framework/lib/ruby/gems/1.8/gems/mongrel-1.1.4/lib/mongrel.rb:268:in `new'
    /Applications/Locomotive2/Bundles/rmagickRailsMar2007_i386.locobundle/framework/lib/ruby/gems/1.8/gems/mongrel-1.1.4/lib/mongrel.rb:268:in `run'
    /Applications/Locomotive2/Bundles/rmagickRailsMar2007_i386.locobundle/framework/lib/ruby/gems/1.8/gems/mongrel-1.1.4/lib/mongrel/configurator.rb:282:in `run'
    /Applications/Locomotive2/Bundles/rmagickRailsMar2007_i386.locobundle/framework/lib/ruby/gems/1.8/gems/mongrel-1.1.4/lib/mongrel/configurator.rb:281:in `each'
    /Applications/Locomotive2/Bundles/rmagickRailsMar2007_i386.locobundle/framework/lib/ruby/gems/1.8/gems/mongrel-1.1.4/lib/mongrel/configurator.rb:281:in `run'
    /Applications/Locomotive2/Bundles/rmagickRailsMar2007_i386.locobundle/framework/lib/ruby/gems/1.8/gems/mongrel-1.1.4/bin/mongrel_rails:128:in `run'
    /Applications/Locomotive2/Bundles/rmagickRailsMar2007_i386.locobundle/framework/lib/ruby/gems/1.8/gems/mongrel-1.1.4/lib/mongrel/command.rb:212:in `run'
    /Applications/Locomotive2/Bundles/rmagickRailsMar2007_i386.locobundle/framework/lib/ruby/gems/1.8/gems/mongrel-1.1.4/bin/mongrel_rails:281
    /Applications/Locomotive2/Bundles/rmagickRailsMar2007_i386.locobundle/framework/lib/ruby/gems/1.8/gems/activesupport-2.0.2/lib/active_support/dependencies.rb:489:in `load'
    /Applications/Locomotive2/Bundles/rmagickRailsMar2007_i386.locobundle/framework/lib/ruby/gems/1.8/gems/activesupport-2.0.2/lib/active_support/dependencies.rb:489:in `load'
    /Applications/Locomotive2/Bundles/rmagickRailsMar2007_i386.locobundle/framework/lib/ruby/gems/1.8/gems/activesupport-2.0.2/lib/active_support/dependencies.rb:342:in `new_constants_in'
    /Applications/Locomotive2/Bundles/rmagickRailsMar2007_i386.locobundle/framework/lib/ruby/gems/1.8/gems/activesupport-2.0.2/lib/active_support/dependencies.rb:489:in `load'
    /Applications/Locomotive2/Bundles/rmagickRailsMar2007_i386.locobundle/framework/lib/ruby/gems/1.8/gems/rails-2.0.2/lib/commands/servers/mongrel.rb:64
    /Applications/Locomotive2/Bundles/rmagickRailsMar2007_i386.locobundle/framework/lib/ruby/site_ruby/1.8/rubygems/custom_require.rb:27:in `gem_original_require'
    /Applications/Locomotive2/Bundles/rmagickRailsMar2007_i386.locobundle/framework/lib/ruby/site_ruby/1.8/rubygems/custom_require.rb:27:in `require'
    /Applications/Locomotive2/Bundles/rmagickRailsMar2007_i386.locobundle/framework/lib/ruby/gems/1.8/gems/activesupport-2.0.2/lib/active_support/dependencies.rb:496:in `require'
    /Applications/Locomotive2/Bundles/rmagickRailsMar2007_i386.locobundle/framework/lib/ruby/gems/1.8/gems/activesupport-2.0.2/lib/active_support/dependencies.rb:342:in `new_constants_in'
    /Applications/Locomotive2/Bundles/rmagickRailsMar2007_i386.locobundle/framework/lib/ruby/gems/1.8/gems/activesupport-2.0.2/lib/active_support/dependencies.rb:496:in `require'
    /Applications/Locomotive2/Bundles/rmagickRailsMar2007_i386.locobundle/framework/lib/ruby/gems/1.8/gems/rails-2.0.2/lib/commands/server.rb:39
    /Applications/Locomotive2/Bundles/rmagickRailsMar2007_i386.locobundle/framework/lib/ruby/site_ruby/1.8/rubygems/custom_require.rb:27:in `gem_original_require'
    /Applications/Locomotive2/Bundles/rmagickRailsMar2007_i386.locobundle/framework/lib/ruby/site_ruby/1.8/rubygems/custom_require.rb:27:in `require'
    ./script/server:3

Rendering /Applications/Locomotive2/Bundles/rmagickRailsMar2007_i386.locobundle/framework/lib/ruby/gems/1.8/gems/actionpack-2.0.2/lib/action_controller/templates/rescues/layout.erb (internal_server_error)


Processing HomeController#index (for 127.0.0.1 at 2008-06-05 23:05:45) [POST]
  Session ID: df413de997b32f62574651685a711bee
  Parameters: {"xn_sig_expires"=>"0", "xn_sig_session_key"=>"viXAGae0EqU7tp42AG0rKBuwg1S0ep3btsfSt0GzfYc492FUKl0jP7PHIT6F4ty4-243357028", "xn_sig_user"=>"243357028", "xn_sig_time"=>"1212678344694", "action"=>"index", "controller"=>"home", "xn_sig_api_key"=>"2ab3135dfa0d4c9c8391d23920a2f7ca", "xn_sig_in_iframe"=>"0", "xn_sig_added"=>"1"}
#<Net::HTTPOK 200 OK readbody=true> - <?xml version="1.0" encoding="UTF-8"?>
<error_response><error_code>6</error_code><error_msg>6</error_msg></error_response>
Rendering home/index
Completed in 0.20022 (4 reqs/sec) | Rendering: 0.00170 (0%) | DB: 0.00000 (0%) | 200 OK [http://www.featha.com/home]


Processing HomeController#index (for 127.0.0.1 at 2008-06-06 02:45:44) [POST]
  Session ID: c677b4b4d93684aa1f7fa8b6cb0ef5b0
  Parameters: {"xn_sig_expires"=>"0", "xn_sig_session_key"=>"viXAGae0EqU7tp42AG0rKBuwg1S0ep3btsfSt0GzfYc492FUKl0jP7PHIT6F4ty4-243357028", "xn_sig_user"=>"243357028", "xn_sig_time"=>"1212691542753", "action"=>"index", "controller"=>"home", "xn_sig_api_key"=>"2ab3135dfa0d4c9c8391d23920a2f7ca", "xn_sig_in_iframe"=>"0", "xn_sig_added"=>"1"}
#<Net::HTTPOK 200 OK readbody=true> - <?xml version="1.0" encoding="UTF-8"?>
<error_response><error_code>6</error_code><error_msg>6</error_msg></error_response>
Rendering home/index
Completed in 0.26921 (3 reqs/sec) | Rendering: 0.02092 (7%) | DB: 0.00000 (0%) | 200 OK [http://www.featha.com/home]


Processing HomeController#index (for 127.0.0.1 at 2008-06-06 02:48:17) [POST]
  Session ID: d8805a88ddfeff6e1ea290930ad0756d
  Parameters: {"xn_sig_expires"=>"0", "xn_sig_session_key"=>"viXAGae0EqU7tp42AG0rKBuwg1S0ep3btsfSt0GzfYc492FUKl0jP7PHIT6F4ty4-243357028", "xn_sig_user"=>"243357028", "xn_sig_time"=>"1212691692729", "action"=>"index", "controller"=>"home", "xn_sig_api_key"=>"2ab3135dfa0d4c9c8391d23920a2f7ca", "xn_sig_in_iframe"=>"0", "xn_sig_added"=>"1"}
#<Net::HTTPOK 200 OK readbody=true> - <?xml version="1.0" encoding="UTF-8"?>
<error_response><error_code>6</error_code><error_msg>6</error_msg></error_response>
Rendering home/index
Completed in 0.19553 (5 reqs/sec) | Rendering: 0.00216 (1%) | DB: 0.00000 (0%) | 200 OK [http://www.featha.com/home]


Processing HomeController#index (for 127.0.0.1 at 2008-06-06 02:50:12) [POST]
  Session ID: e8e7a84f14d03185e8a125fd7f38ea7f
  Parameters: {"xn_sig_expires"=>"0", "xn_sig_session_key"=>"viXAGae0EqU7tp42AG0rKBuwg1S0ep3btsfSt0GzfYc492FUKl0jP7PHIT6F4ty4-243357028", "xn_sig_user"=>"243357028", "xn_sig_time"=>"1212691810931", "action"=>"index", "controller"=>"home", "xn_sig_api_key"=>"2ab3135dfa0d4c9c8391d23920a2f7ca", "xn_sig_in_iframe"=>"0", "xn_sig_added"=>"1"}
#<Net::HTTPOK 200 OK readbody=true> - <?xml version="1.0" encoding="UTF-8"?>
<users_getInfo_response list="true"><user><uid>243357028</uid></user></users_getInfo_response>
Rendering home/index
Completed in 0.23015 (4 reqs/sec) | Rendering: 0.00159 (0%) | DB: 0.00000 (0%) | 200 OK [http://www.featha.com/home]
